#######################################################################################
# log primitive debug message of FSDB dumping                                         #
# This is for R&D to analyze when there are issues happening when FSDB dump           #
#######################################################################################
ANF: vcsd_get_serial_mode_status('/home/cargarci/eecs472/final_proj/pfinal_472-w26.group8/build/cpu.simv: undefined symbol: vcsd_get_serial_mode_status')
ANF: vcsd_enable_sva_success_callback('/home/cargarci/eecs472/final_proj/pfinal_472-w26.group8/build/cpu.simv: undefined symbol: vcsd_enable_sva_success_callback')
ANF: vcsd_disable_sva_success_callback('/home/cargarci/eecs472/final_proj/pfinal_472-w26.group8/build/cpu.simv: undefined symbol: vcsd_disable_sva_success_callback')
ANF: vcsd_get_power_scope_name('/home/cargarci/eecs472/final_proj/pfinal_472-w26.group8/build/cpu.simv: undefined symbol: vcsd_get_power_scope_name')
ANF: vcsd_dump_var_vpdg('/home/cargarci/eecs472/final_proj/pfinal_472-w26.group8/build/cpu.simv: undefined symbol: vcsd_dump_var_vpdg')
ANF: vcsd_begin_no_value_var_info('/home/cargarci/eecs472/final_proj/pfinal_472-w26.group8/build/cpu.simv: undefined symbol: vcsd_begin_no_value_var_info')
ANF: vcsd_end_no_value_var_info('/home/cargarci/eecs472/final_proj/pfinal_472-w26.group8/build/cpu.simv: undefined symbol: vcsd_end_no_value_var_info')
ANF: vcsd_remove_xprop_merge_mode_callback('/home/cargarci/eecs472/final_proj/pfinal_472-w26.group8/build/cpu.simv: undefined symbol: vcsd_remove_xprop_merge_mode_callback')
ANF: vhpi_get_cb_info('/home/cargarci/eecs472/final_proj/pfinal_472-w26.group8/build/cpu.simv: undefined symbol: vhpi_get_cb_info')
ANF: vhpi_free_handle('/home/cargarci/eecs472/final_proj/pfinal_472-w26.group8/build/cpu.simv: undefined symbol: vhpi_free_handle')
ANF: vhpi_fetch_vcsd_handle('/home/cargarci/eecs472/final_proj/pfinal_472-w26.group8/build/cpu.simv: undefined symbol: vhpi_fetch_vcsd_handle')
ANF: vhpi_fetch_vpi_handle('/home/cargarci/eecs472/final_proj/pfinal_472-w26.group8/build/cpu.simv: undefined symbol: vhpi_fetch_vpi_handle')
ANF: vhpi_has_verilog_parent('/home/cargarci/eecs472/final_proj/pfinal_472-w26.group8/build/cpu.simv: undefined symbol: vhpi_has_verilog_parent')
ANF: vhpi_is_verilog_scope('/home/cargarci/eecs472/final_proj/pfinal_472-w26.group8/build/cpu.simv: undefined symbol: vhpi_is_verilog_scope')
ANF: scsd_xprop_is_enabled('/home/cargarci/eecs472/final_proj/pfinal_472-w26.group8/build/cpu.simv: undefined symbol: scsd_xprop_is_enabled')
ANF: scsd_xprop_sig_is_promoted('/home/cargarci/eecs472/final_proj/pfinal_472-w26.group8/build/cpu.simv: undefined symbol: scsd_xprop_sig_is_promoted')
ANF: scsd_xprop_int_xvalue('/home/cargarci/eecs472/final_proj/pfinal_472-w26.group8/build/cpu.simv: undefined symbol: scsd_xprop_int_xvalue')
ANF: scsd_xprop_bool_xvalue('/home/cargarci/eecs472/final_proj/pfinal_472-w26.group8/build/cpu.simv: undefined symbol: scsd_xprop_bool_xvalue')
ANF: scsd_xprop_enum_xvalue('/home/cargarci/eecs472/final_proj/pfinal_472-w26.group8/build/cpu.simv: undefined symbol: scsd_xprop_enum_xvalue')
ANF: scsd_xprop_register_merge_mode_cb('/home/cargarci/eecs472/final_proj/pfinal_472-w26.group8/build/cpu.simv: undefined symbol: scsd_xprop_register_merge_mode_cb')
ANF: scsd_xprop_delete_merge_mode_cb('/home/cargarci/eecs472/final_proj/pfinal_472-w26.group8/build/cpu.simv: undefined symbol: scsd_xprop_delete_merge_mode_cb')
ANF: scsd_xprop_get_merge_mode('/home/cargarci/eecs472/final_proj/pfinal_472-w26.group8/build/cpu.simv: undefined symbol: scsd_xprop_get_merge_mode')
ANF: scsd_thread_get_info('/home/cargarci/eecs472/final_proj/pfinal_472-w26.group8/build/cpu.simv: undefined symbol: scsd_thread_get_info')
ANF: scsd_thread_vc_init('/home/cargarci/eecs472/final_proj/pfinal_472-w26.group8/build/cpu.simv: undefined symbol: scsd_thread_vc_init')
ANF: scsd_master_set_delta_sync_cbk('/home/cargarci/eecs472/final_proj/pfinal_472-w26.group8/build/cpu.simv: undefined symbol: scsd_master_set_delta_sync_cbk')
ANF: scsd_fgp_get_fsdb_cores('/home/cargarci/eecs472/final_proj/pfinal_472-w26.group8/build/cpu.simv: undefined symbol: scsd_fgp_get_fsdb_cores')
ANF: scsd_fgp_get_is_cpu_affinity_disabled('/home/cargarci/eecs472/final_proj/pfinal_472-w26.group8/build/cpu.simv: undefined symbol: scsd_fgp_get_is_cpu_affinity_disabled')
ANF: vhdi_dt_get_type('/home/cargarci/eecs472/final_proj/pfinal_472-w26.group8/build/cpu.simv: undefined symbol: vhdi_dt_get_type')
ANF: vhdi_dt_get_key('/home/cargarci/eecs472/final_proj/pfinal_472-w26.group8/build/cpu.simv: undefined symbol: vhdi_dt_get_key')
ANF: vhdi_dt_get_vhdl_enum_info('/home/cargarci/eecs472/final_proj/pfinal_472-w26.group8/build/cpu.simv: undefined symbol: vhdi_dt_get_vhdl_enum_info')
ANF: vhdi_dt_get_vhdl_physical_info('/home/cargarci/eecs472/final_proj/pfinal_472-w26.group8/build/cpu.simv: undefined symbol: vhdi_dt_get_vhdl_physical_info')
ANF: vhdi_dt_get_vhdl_array_info('/home/cargarci/eecs472/final_proj/pfinal_472-w26.group8/build/cpu.simv: undefined symbol: vhdi_dt_get_vhdl_array_info')
ANF: vhdi_dt_get_vhdl_record_info('/home/cargarci/eecs472/final_proj/pfinal_472-w26.group8/build/cpu.simv: undefined symbol: vhdi_dt_get_vhdl_record_info')
ANF: vhdi_dt_get_vhdl_integer_range_info('/home/cargarci/eecs472/final_proj/pfinal_472-w26.group8/build/cpu.simv: undefined symbol: vhdi_dt_get_vhdl_integer_range_info')
ANF: vhdi_def_traverse_module('/home/cargarci/eecs472/final_proj/pfinal_472-w26.group8/build/cpu.simv: undefined symbol: vhdi_def_traverse_module')
ANF: vhdi_def_traverse_scope('/home/cargarci/eecs472/final_proj/pfinal_472-w26.group8/build/cpu.simv: undefined symbol: vhdi_def_traverse_scope')
ANF: vhdi_def_traverse_variable('/home/cargarci/eecs472/final_proj/pfinal_472-w26.group8/build/cpu.simv: undefined symbol: vhdi_def_traverse_variable')
ANF: vhdi_def_get_module_id_by_vhpi('/home/cargarci/eecs472/final_proj/pfinal_472-w26.group8/build/cpu.simv: undefined symbol: vhdi_def_get_module_id_by_vhpi')
ANF: vhdi_def_get_handle_by_module_id('/home/cargarci/eecs472/final_proj/pfinal_472-w26.group8/build/cpu.simv: undefined symbol: vhdi_def_get_handle_by_module_id')
ANF: vhdi_def_get_variable_info_by_vhpi('/home/cargarci/eecs472/final_proj/pfinal_472-w26.group8/build/cpu.simv: undefined symbol: vhdi_def_get_variable_info_by_vhpi')
ANF: vhdi_def_free('/home/cargarci/eecs472/final_proj/pfinal_472-w26.group8/build/cpu.simv: undefined symbol: vhdi_def_free')
ANF: vhdi_ist_traverse_scope('/home/cargarci/eecs472/final_proj/pfinal_472-w26.group8/build/cpu.simv: undefined symbol: vhdi_ist_traverse_scope')
ANF: vhdi_ist_traverse_variable('/home/cargarci/eecs472/final_proj/pfinal_472-w26.group8/build/cpu.simv: undefined symbol: vhdi_ist_traverse_variable')
ANF: vhdi_ist_convert_by_vhpi('/home/cargarci/eecs472/final_proj/pfinal_472-w26.group8/build/cpu.simv: undefined symbol: vhdi_ist_convert_by_vhpi')
ANF: vhdi_ist_clone('/home/cargarci/eecs472/final_proj/pfinal_472-w26.group8/build/cpu.simv: undefined symbol: vhdi_ist_clone')
ANF: vhdi_ist_free('/home/cargarci/eecs472/final_proj/pfinal_472-w26.group8/build/cpu.simv: undefined symbol: vhdi_ist_free')
ANF: vhdi_ist_hash_key('/home/cargarci/eecs472/final_proj/pfinal_472-w26.group8/build/cpu.simv: undefined symbol: vhdi_ist_hash_key')
ANF: vhdi_ist_compare('/home/cargarci/eecs472/final_proj/pfinal_472-w26.group8/build/cpu.simv: undefined symbol: vhdi_ist_compare')
ANF: vhdi_ist_get_value_addr('/home/cargarci/eecs472/final_proj/pfinal_472-w26.group8/build/cpu.simv: undefined symbol: vhdi_ist_get_value_addr')
ANF: vhdi_set_scsd_callback('/home/cargarci/eecs472/final_proj/pfinal_472-w26.group8/build/cpu.simv: undefined symbol: vhdi_set_scsd_callback')
ANF: vhdi_cbk_set_force_callback('/home/cargarci/eecs472/final_proj/pfinal_472-w26.group8/build/cpu.simv: undefined symbol: vhdi_cbk_set_force_callback')
ANF: vhdi_trigger_init_force('/home/cargarci/eecs472/final_proj/pfinal_472-w26.group8/build/cpu.simv: undefined symbol: vhdi_trigger_init_force')
ANF: vhdi_ist_check_scsd_callback('/home/cargarci/eecs472/final_proj/pfinal_472-w26.group8/build/cpu.simv: undefined symbol: vhdi_ist_check_scsd_callback')
ANF: vhdi_ist_add_scsd_callback('/home/cargarci/eecs472/final_proj/pfinal_472-w26.group8/build/cpu.simv: undefined symbol: vhdi_ist_add_scsd_callback')
ANF: vhdi_ist_remove_scsd_callback('/home/cargarci/eecs472/final_proj/pfinal_472-w26.group8/build/cpu.simv: undefined symbol: vhdi_ist_remove_scsd_callback')
ANF: vhdi_ist_get_scsd_user_data('/home/cargarci/eecs472/final_proj/pfinal_472-w26.group8/build/cpu.simv: undefined symbol: vhdi_ist_get_scsd_user_data')
ANF: vhdi_add_time_change_callback('/home/cargarci/eecs472/final_proj/pfinal_472-w26.group8/build/cpu.simv: undefined symbol: vhdi_add_time_change_callback')
ANF: vhdi_get_real_value_by_value_addr('/home/cargarci/eecs472/final_proj/pfinal_472-w26.group8/build/cpu.simv: undefined symbol: vhdi_get_real_value_by_value_addr')
ANF: vhdi_get_64_value_by_value_addr('/home/cargarci/eecs472/final_proj/pfinal_472-w26.group8/build/cpu.simv: undefined symbol: vhdi_get_64_value_by_value_addr')
ANF: vhdi_xprop_inst_is_promoted('/home/cargarci/eecs472/final_proj/pfinal_472-w26.group8/build/cpu.simv: undefined symbol: vhdi_xprop_inst_is_promoted')
ANF: vdi_ist_convert_by_vhdi('/home/cargarci/eecs472/final_proj/pfinal_472-w26.group8/build/cpu.simv: undefined symbol: vdi_ist_convert_by_vhdi')
ANF: vhdi_ist_get_module_id('/home/cargarci/eecs472/final_proj/pfinal_472-w26.group8/build/cpu.simv: undefined symbol: vhdi_ist_get_module_id')
ANF: vhdi_refine_foreign_scope_type('/home/cargarci/eecs472/final_proj/pfinal_472-w26.group8/build/cpu.simv: undefined symbol: vhdi_refine_foreign_scope_type')
ANF: vhdi_flush_callback('/home/cargarci/eecs472/final_proj/pfinal_472-w26.group8/build/cpu.simv: undefined symbol: vhdi_flush_callback')
ANF: vhdi_set_orig_name('/home/cargarci/eecs472/final_proj/pfinal_472-w26.group8/build/cpu.simv: undefined symbol: vhdi_set_orig_name')
ANF: vhdi_set_dump_pt('/home/cargarci/eecs472/final_proj/pfinal_472-w26.group8/build/cpu.simv: undefined symbol: vhdi_set_dump_pt')
ANF: vhdi_set_int_subtype('/home/cargarci/eecs472/final_proj/pfinal_472-w26.group8/build/cpu.simv: undefined symbol: vhdi_set_int_subtype')
ANF: vhdi_set_fixed_point('/home/cargarci/eecs472/final_proj/pfinal_472-w26.group8/build/cpu.simv: undefined symbol: vhdi_set_fixed_point')
ANF: vhdi_get_fsdb_option('/home/cargarci/eecs472/final_proj/pfinal_472-w26.group8/build/cpu.simv: undefined symbol: vhdi_get_fsdb_option')
ANF: vhdi_fgp_get_mode('/home/cargarci/eecs472/final_proj/pfinal_472-w26.group8/build/cpu.simv: undefined symbol: vhdi_fgp_get_mode')
ANF: vhdi_node_register_composite_var('/home/cargarci/eecs472/final_proj/pfinal_472-w26.group8/build/cpu.simv: undefined symbol: vhdi_node_register_composite_var')
ANF: vhdi_node_analysis('/home/cargarci/eecs472/final_proj/pfinal_472-w26.group8/build/cpu.simv: undefined symbol: vhdi_node_analysis')
ANF: vhdi_node_id('/home/cargarci/eecs472/final_proj/pfinal_472-w26.group8/build/cpu.simv: undefined symbol: vhdi_node_id')
ANF: vhdi_node_ist_check_scsd_callback('/home/cargarci/eecs472/final_proj/pfinal_472-w26.group8/build/cpu.simv: undefined symbol: vhdi_node_ist_check_scsd_callback')
ANF: vhdi_node_ist_add_scsd_callback('/home/cargarci/eecs472/final_proj/pfinal_472-w26.group8/build/cpu.simv: undefined symbol: vhdi_node_ist_add_scsd_callback')
ANF: vhdi_node_ist_get_value_addr('/home/cargarci/eecs472/final_proj/pfinal_472-w26.group8/build/cpu.simv: undefined symbol: vhdi_node_ist_get_value_addr')
ANF: vhdi_enc_def_traverse_module('/home/cargarci/eecs472/final_proj/pfinal_472-w26.group8/build/cpu.simv: undefined symbol: vhdi_enc_def_traverse_module')
ANF: vhdi_enc_def_traverse_scope('/home/cargarci/eecs472/final_proj/pfinal_472-w26.group8/build/cpu.simv: undefined symbol: vhdi_enc_def_traverse_scope')
ANF: vhdi_enc_def_traverse_variable('/home/cargarci/eecs472/final_proj/pfinal_472-w26.group8/build/cpu.simv: undefined symbol: vhdi_enc_def_traverse_variable')
ANF: vhdi_enc_ist_traverse_scope('/home/cargarci/eecs472/final_proj/pfinal_472-w26.group8/build/cpu.simv: undefined symbol: vhdi_enc_ist_traverse_scope')
ANF: vhdi_enc_ist_traverse_variable('/home/cargarci/eecs472/final_proj/pfinal_472-w26.group8/build/cpu.simv: undefined symbol: vhdi_enc_ist_traverse_variable')
ANF: vhdi_enc_ist_get_module_id('/home/cargarci/eecs472/final_proj/pfinal_472-w26.group8/build/cpu.simv: undefined symbol: vhdi_enc_ist_get_module_id')
ANF: vhdi_enc_def_get_handle_by_module_id('/home/cargarci/eecs472/final_proj/pfinal_472-w26.group8/build/cpu.simv: undefined symbol: vhdi_enc_def_get_handle_by_module_id')
VCS compile option:
 option[0]: /home/cargarci/eecs472/final_proj/pfinal_472-w26.group8/build/cpu.simv
 option[1]: +MEMORY=programs/mem/simple.mem
 option[2]: +OUTPUT=output/verdi_output
 option[3]: +UVM_VERDI_TRACE=UVM_AWARE
 option[4]: +fsdb+gate=off
 option[5]: -ucli2Proc
 option[6]: -ucli
 option[7]: -l
 option[8]: /home/cargarci/eecs472/final_proj/pfinal_472-w26.group8/verdiLog/sim.log
 option[9]: /usr/caen/vcs-2023.12-SP2-1/linux64/bin/vcs1
 option[10]: -Mcc=gcc
 option[11]: -Mcplusplus=g++
 option[12]: -Masflags=
 option[13]: -Mcfl= -pipe -fPIC -O -I/usr/caen/vcs-2023.12-SP2-1/include 
 option[14]: -Mxllcflags=
 option[15]: -Mxcflags= -pipe -fPIC -I/usr/caen/vcs-2023.12-SP2-1/include
 option[16]: -Mldflags= -rdynamic 
 option[17]: -Mout=build/cpu.simv
 option[18]: -Mamsrun=
 option[19]: -Mvcsaceobjs=
 option[20]: -Mobjects= /usr/caen/vcs-2023.12-SP2-1/linux64/lib/libvirsim.so /usr/caen/vcs-2023.12-SP2-1/linux64/lib/liberrorinf.so /usr/caen/vcs-2023.12-SP2-1/linux64/lib/libsnpsmalloc.so /usr/caen/vcs-2023.12-SP2-1/linux64/lib/libvfs.so 
 option[21]: -Mexternalobj=
 option[22]: -Msaverestoreobj=/usr/caen/vcs-2023.12-SP2-1/linux64/lib/vcs_save_restore_new.o
 option[23]: -Mcrt0=
 option[24]: -Mcrtn=
 option[25]: -Mcsrc=test/pipeline_print.c test/decode_inst.c 
 option[26]: -Mupdate
 option[27]: -Mdir=build/csrc
 option[28]: -Msyslibs=/usr/caen/verdi-2023.12-SP2-1/share/PLI/VCS/LINUX64/pli.a -ldl 
 option[29]: -xprop=tmerge
 option[30]: +vc
 option[31]: -line
 option[32]: -full64
 option[33]: -kdb
 option[34]: -Xufe=2steps
 option[35]: -lca
 option[36]: -nc
 option[37]: -debug_access+all+reverse
 option[38]: +vpi
 option[39]: +vcsd1
 option[40]: +itf+/usr/caen/vcs-2023.12-SP2-1/linux64/lib/vcsdp_lite.tab
 option[41]: +warn=noTFIPC
 option[42]: +warn=noDEBUG_DEP
 option[43]: +warn=noENUMASSIGN
 option[44]: +warn=noLCA_FEATURES_ENABLED
 option[45]: +define+CLOCK_PERIOD=30.0
 option[46]: -o
 option[47]: build/cpu.simv
 option[48]: -picarchive
 option[49]: -P
 option[50]: /usr/caen/verdi-2023.12-SP2-1/share/PLI/VCS/LINUX64/verdi.tab
 option[51]: -fsdb
 option[52]: -sverilog
 option[53]: -gen_obj
 option[54]: +incdir+verilog/inc/
 option[55]: test/testbenches/given/cpu_test.sv
 option[56]: verilog/src/branch_stack.sv
 option[57]: verilog/src/cpu.sv
 option[58]: verilog/src/fetch_buffer.sv
 option[59]: verilog/src/freelist.sv
 option[60]: verilog/src/icache.sv
 option[61]: verilog/src/maptable.sv
 option[62]: verilog/src/memDP.sv
 option[63]: verilog/src/mult.sv
 option[64]: verilog/src/regfile.sv
 option[65]: verilog/src/rob.sv
 option[66]: verilog/src/rs.sv
 option[67]: verilog/src/stage_complete.sv
 option[68]: verilog/src/stage_dispatch.sv
 option[69]: verilog/src/stage_execute.sv
 option[70]: verilog/src/stage_fetch.sv
 option[71]: verilog/src/stage_issue.sv
 option[72]: verilog/src/stage_retire.sv
 option[73]: verilog/src/combinational/decoder.sv
 option[74]: verilog/src/combinational/psel_gen.sv
 option[75]: test/mem.sv
 option[76]: -load
 option[77]: /usr/caen/verdi-2023.12-SP2-1/share/PLI/VCS/LINUX64/libnovas.so:FSDBDumpCmd
Chronologic Simulation VCS Release V-2023.12-SP2-1_Full64
Linux 5.14.0-611.16.1.el9_7.x86_64 #1 SMP PREEMPT_DYNAMIC Sun Dec 7 05:52:24 EST 2025 x86_64
CPU cores: 9
Limit information:
======================================
cputime		unlimited
filesize		unlimited
datasize		unlimited
stacksize		8196 kbytes
coredumpsize		unlimited
memoryuse		unlimited
vmemoryuse		unlimited
descriptors		524288
memorylocked		8192 kbytes
maxproc		70620
======================================
(Special)Runtime environment variables:

Runtime environment variables:
SHELL=/bin/bash
COLORTERM=truecolor
HISTCONTROL=ignoredups
XDG_MENU_PREFIX=gnome-
TERM_PROGRAM_VERSION=1.92.2
HOSTNAME=caen-vnc-mi18.engin.umich.edu
HISTSIZE=1000
VCS_HOME=/usr/caen/vcs-2023.12-SP2-1
LMOD_CACHED_LOADS=yes
FPATH=/usr/share/lmod/lmod/init/ksh_funcs
MAKE_TERMOUT=/dev/pts/3
SPS_RGB_PATH=/usr/caen/verdi-2023.12-SP2-1/etc/rgb
MALLOC_ARENA_MAX=1
XMODIFIERS=@im=none
VERDI_HOME=/usr/caen/verdi-2023.12-SP2-1
DESKTOP_SESSION=gnome
NO_AT_BRIDGE=1
LMOD_DIR=/usr/share/lmod/lmod/libexec
PWD=/home/cargarci/eecs472/final_proj/pfinal_472-w26.group8
KRB5CCNAME=KEYRING:persistent:114322640
XDG_SESSION_DESKTOP=gnome
LOGNAME=cargarci
XDG_SESSION_TYPE=x11
MODULESHOME=/usr/share/lmod/lmod
MANPATH=/usr/share/lmod/lmod/share/man:
XAUTHORITY=/run/gdm/auth-for-cargarci-S75DM3/database
SPS_FONT_PATH=/usr/caen/verdi-2023.12-SP2-1/font
VSCODE_GIT_ASKPASS_NODE=/opt/caen/um/vscode-1.92.2/code/code
GJS_DEBUG_TOPICS=JS ERROR;JS LOG
GDM_LANG=en_US.UTF-8
XNLSPATH=/usr/caen/verdi-2023.12-SP2-1/etc/access/nls
HOME=/home/cargarci
USERNAME=cargarci
LD_NOVERSION=1
LANG=C
XDG_CURRENT_DESKTOP=GNOME
LMOD_SETTARG_FULL_SUPPORT=no
GIT_ASKPASS=/opt/caen/um/vscode-1.92.2/code/resources/app/extensions/git/dist/askpass.sh
VERDI_ORIGNAL_LD_LIBRARY_PATH=
LMOD_VERSION=8.7.65
CHROME_DESKTOP=code-url-handler.desktop
MFLAGS=
GJS_DEBUG_OUTPUT=stderr
VCS_EXEC_DONE=1
SPS_XFONT_PATH=/usr/caen/verdi-2023.12-SP2-1/XFont
NOVASHLPPATH=/usr/caen/verdi-2023.12-SP2-1/doc
MODULEPATH_ROOT=/usr/share/modulefiles
VSCODE_GIT_ASKPASS_EXTRA_ARGS=
MAKEFLAGS=
XDG_SESSION_CLASS=user
LMOD_PKG=/usr/share/lmod/lmod
SNPSLMD_LICENSE_FILE=/usr/caen/FLEXlm/data/license.dat.synopsys
TERM=xterm-256color
__GL_SHADER_DISK_CACHE=0
LESSOPEN=||/usr/bin/lesspipe.sh %s
USER=cargarci
MAKE_TERMERR=/dev/pts/3
VSCODE_GIT_IPC_HANDLE=/run/user/114322640/vscode-git-489745dcc1.sock
DISPLAY=127.0.0.1:1
VCS_PATHMAP_PRELOAD_DONE=1
LMOD_ROOT=/usr/share/lmod
SHLVL=2
BASH_ENV=/usr/share/lmod/lmod/init/bash
MAKELEVEL=1
LMOD_sys=Linux
QT_IM_MODULE=ibus
NOVAS_SYNC_MOTIF_DISP=
CLOCK_PERIOD=30.0
INC=verilog/inc/   
LM_LICENSE_FILE=license.dat:/usr/caen/FLEXlm/data/license.dat.synopsys
LD_LIBRARY_PATH=
VCS_STACK_EXEC=true
XDG_RUNTIME_DIR=/run/user/114322640
DEBUGINFOD_IMA_CERT_PATH=/etc/keys/ima:
SYS_PROG_NAME=verdi
which_declare=declare -f
LC_ALL=C
VSCODE_GIT_ASKPASS_MAIN=/opt/caen/um/vscode-1.92.2/code/resources/app/extensions/git/dist/askpass-main.js
XDG_DATA_DIRS=/home/cargarci/.local/share/flatpak/exports/share:/var/lib/flatpak/exports/share:/usr/share:/usr/local/share:/usr/caen/misc/menus
GDK_BACKEND=x11
PATH=/usr/local/bin:/usr/local/sbin:/usr/bin:/usr/sbin:/usr/um/bin:/usr/caen/bin/
MODULEPATH=/etc/scl/modulefiles:/etc/modulefiles:/usr/share/modulefiles:/usr/caen/misc/modules:/usr/caen/misc/class/modules:/usr/share/modulefiles/Linux:/usr/share/modulefiles/Core:/usr/share/lmod/lmod/modulefiles/Core
GDMSESSION=gnome
ORIGINAL_XDG_CURRENT_DESKTOP=GNOME
DBUS_SESSION_BUS_ADDRESS=unix:abstract=/tmp/dbus-dNLUg7klZ1,guid=5b40bcc0e4c8f337d46b83df69b301a4
LMOD_CMD=/usr/share/lmod/lmod/libexec/lmod
MAIL=/var/spool/mail/cargarci
QT_PLUGIN_PATH=/usr/caen/verdi-2023.12-SP2-1/platform/LINUXAMD64/lib/Qt/plugins
SYS_INST_DIR=/usr/caen/verdi-2023.12-SP2-1
GIO_LAUNCHED_DESKTOP_FILE_PID=2343559
GIO_LAUNCHED_DESKTOP_FILE=/usr/caen/misc/menus/applications/DEVELOPMENT-VisualStudioCode1.92.2.desktop
OLDPWD=/home/cargarci
TERM_PROGRAM=vscode
BASH_FUNC_ml%%=() {  eval "$($LMOD_DIR/ml_cmd "$@")"
}
BASH_FUNC_which%%=() {  ( alias;
 eval ${which_declare} ) | /usr/bin/which --tty-only --read-alias --read-functions --show-tilde --show-dot $@
}
BASH_FUNC_module%%=() {  if [ -z "${LMOD_SH_DBG_ON+x}" ]; then
 case "$-" in 
 *v*x*)
 __lmod_sh_dbg='vx'
 ;;
 *v*)
 __lmod_sh_dbg='v'
 ;;
 *x*)
 __lmod_sh_dbg='x'
 ;;
 esac;
 fi;
 if [ -n "${__lmod_sh_dbg:-}" ]; then
 set +$__lmod_sh_dbg;
 echo "Shell debugging temporarily silenced: export LMOD_SH_DBG_ON=1 for Lmod's output" 1>&2;
 fi;
 eval "$($LMOD_CMD shell "$@")" && eval "$(${LMOD_SETTARG_CMD:-:} -s sh)";
 __lmod_my_status=$?;
 if [ -n "${__lmod_sh_dbg:-}" ]; then
 echo "Shell debugging restarted" 1>&2;
 set -$__lmod_sh_dbg;
 fi;
 unset __lmod_sh_dbg;
 return $__lmod_my_status
}
BASH_FUNC_scl%%=() {  if [ "$1" = "load" -o "$1" = "unload" ]; then
 eval "module $@";
 else
 /usr/bin/scl "$@";
 fi
}
NOVAS_LC_ALL=C
SIMV_DAIDIR_PATH=/home/cargarci/eecs472/final_proj/pfinal_472-w26.group8/./build/cpu.simv.daidir
NOVAS_SIGNAL_BASE_EXTRACTION=1
SIGNAL_BASE_EXTRACTION=1
NOVAS_VERDI_SVTB_BETA=1
VERDI_SVTB_BETA=1
NOVAS_VERDI_SVTB_ALPHA=1
VERDI_SVTB_ALPHA=1
NOVAS_VERDI_TB_HT=1
VERDI_TB_HT=1
NOVAS_WAVE_REDRAW_ALLVC=1
WAVE_REDRAW_ALLVC=1
NOVAS_TCL_LIBRARY=/usr/caen/verdi-2023.12-SP2-1/etc/access/tcl86_library
TCL_LIBRARY=/usr/caen/verdi-2023.12-SP2-1/etc/access/tcl86_library
XKEYSYMDB=/usr/caen/verdi-2023.12-SP2-1/etc/access/XKeysymDB2.1
XLOCALEDIR=/usr/caen/verdi-2023.12-SP2-1/etc/access/locale
QTWEBENGINE_CHROMIUM_FLAGS=--log-level=3
NOVAS_SIGNAL_BASED_BA=0
SIGNAL_BASED_BA=0
SNPS_SIM_DEFAULT_GUI=verdi
FSDB_FILE=/tmp/cargarci470/inter.fsdb
VCS_UCLI_STDIN_BLOCKING=1
FSDB_VHDL_PROTECTED=1
FSDB_RD_IR_ENABLE=1
FSDB_SVA_STATUS=1
VCS_STOP_SAFE=1
DVE_SIM_SELECT_LOOP=on
FLEXLM_BORROWFILE=/home/cargarci/.caen-vnc-mi18.engin.umich.edu-borrow.txt
Runtime command line arguments:
argv[0]=/home/cargarci/eecs472/final_proj/pfinal_472-w26.group8/build/cpu.simv
argv[1]=+MEMORY=programs/mem/simple.mem
argv[2]=+OUTPUT=output/verdi_output
argv[3]=+UVM_VERDI_TRACE=UVM_AWARE
argv[4]=+fsdb+gate=off
argv[5]=-ucli2Proc
argv[6]=-ucli
argv[7]=-l
argv[8]=/home/cargarci/eecs472/final_proj/pfinal_472-w26.group8/verdiLog/sim.log
320 profile - 100
          CPU/Mem usage: 0.030 sys,  0.040 user,  216.58M mem
321 Elapsed time:    0:00:01    Thu Mar 12 18:18:03 2026
322 User CPU time used: 0 seconds
323 System CPU time used: 0 seconds
324 pliAppInit
325 ndpGetenv(FSDB_FILE): /tmp/cargarci470/inter.fsdb
326 ndpGetenv(FSDB_SVA_STATUS): 1
327 ndpGetenv(FSDB_VHDL_PROTECTED): 1
328 [SC]Init: MemoryConsumed=0.00MB ElapsedTime=0hour 0min. 0sec.
329 FSDB_GATE & FSDB_RTL is disabled.
330 FSDB_PACKED_MODE is enabled.
331 FSDB_GATE_PACKED is enabled.
332 FSDB_ALIAS_ARRAY_ELEM is set to 4294967295.
333 Enable Parallel Dumping.
334 pliAppMiscSet: New Sim Round
335 pliEntryInit
336 LIBSSCORE=found /usr/caen/verdi-2023.12-SP2-1/share/PLI/lib/LINUXAMD64/libsscore_vcs202312.so through $NOVAS_HOME setting.
337 FSDB Dumper for VCS, Release Verdi_V-2023.12-SP2-1, Linux x86_64/64bit, 07/15/2024
338 (C) 1996 - 2024 by Synopsys, Inc.
339 sps_tcl_fsdbDumpfile_main at 0
340 argv[0]: /tmp/cargarci470/inter.fsdb
341 *Verdi* : Create FSDB file '/tmp/cargarci470/inter.fsdb'
342 [spi_vcs_vd_ppi_create_root]: no upf option
343 compile option from '/home/cargarci/eecs472/final_proj/pfinal_472-w26.group8/build/cpu.simv.daidir/vcs_rebuild'.
344   "vcs '-sverilog' '-xprop=tmerge' '+vc' '-Mupdate' '-Mdir=build/csrc' '-line' '-full64' '-kdb' '-lca' '-nc' '-debug_access+all+reverse' '+warn=noTFIPC' '+warn=noDEBUG_DEP' '+warn=noENUMASSIGN' '+warn=noLCA_FEATURES_ENABLED' '+define+CLOCK_PERIOD=30.0' '+incdir+verilog/inc/' 'test/testbenches/given/cpu_test.sv' 'verilog/src/branch_stack.sv' 'verilog/src/cpu.sv' 'verilog/src/fetch_buffer.sv' 'verilog/src/freelist.sv' 'verilog/src/icache.sv' 'verilog/src/maptable.sv' 'verilog/src/memDP.sv' 'verilog/src/mult.sv' 'verilog/src/regfile.sv' 'verilog/src/rob.sv' 'verilog/src/rs.sv' 'verilog/src/stage_complete.sv' 'verilog/src/stage_dispatch.sv' 'verilog/src/stage_execute.sv' 'verilog/src/stage_fetch.sv' 'verilog/src/stage_issue.sv' 'verilog/src/stage_retire.sv' 'verilog/src/combinational/decoder.sv' 'verilog/src/combinational/psel_gen.sv' 'test/pipeline_print.c' 'test/decode_inst.c' 'test/mem.sv' '-o' 'build/cpu.simv' 2>&1"
345 sps_tcl_fsdbDumpflush_vd_main at 0 : N/A(0)
346 *Verdi* : Flush all FSDB Files at 000 ps.
347 sps_tcl_fsdbDumpflush_vd_main at 0 : N/A(0)
348 *Verdi* : Flush all FSDB Files at 000 ps.
349 sps_tcl_fsdbDumpflush_vd_main at 0 : N/A(0)
350 *Verdi* : Flush all FSDB Files at 000 ps.
351 DVDI_is_vir_unload_enabled is enable
352 FSDB_VCS_ENABLE_NATIVE_VC is enable
353 sps_tcl_fsdbDumpvars_vd_main
354 argv[0]: 1
355 argv[1]: testbench.verisimpleV.fetch_buffer_0.clock
356 argv[2]: +all
357 argv[3]: +trace_process
358 *Verdi* : Dumping the signal (testbench.verisimpleV.fetch_buffer_0.clock).
359 pliAppHDL_DumpVarComplete traverse var: profile - 
          CPU/Mem usage: 0.100 sys,  0.110 user,  329.30M mem
                   incr: 0.000 sys,  0.000 user,  2.38M mem
                   accu: 0.000 sys,  0.000 user,  2.38M mem
              accu incr: 0.000 sys,  0.000 user,  2.38M mem

          Count usage: 1 var,  3 idcode,  1 callback
                 incr: 1 var,  3 idcode,  1 callback
                 accu: 1 var,  3 idcode,  1 callback
            accu incr: 1 var,  3 idcode,  1 callback
360 Elapsed time:    0:00:10    Thu Mar 12 18:18:12 2026
361 User CPU time used: 0 seconds
362 System CPU time used: 0 seconds
363 pliAppHDL_DumpVarComplete: profile - 
          CPU/Mem usage: 0.100 sys,  0.110 user,  330.35M mem
                   incr: 0.000 sys,  0.000 user,  1.05M mem
                   accu: 0.000 sys,  0.000 user,  3.43M mem
              accu incr: 0.000 sys,  0.000 user,  1.05M mem

          Count usage: 1 var,  3 idcode,  1 callback
                 incr: 0 var,  0 idcode,  0 callback
                 accu: 1 var,  3 idcode,  1 callback
            accu incr: 0 var,  0 idcode,  0 callback
364 Elapsed time:    0:00:10    Thu Mar 12 18:18:12 2026
365 User CPU time used: 0 seconds
366 System CPU time used: 0 seconds
367 sps_tcl_fsdbDumpvars_vd_main
368 argv[0]: 1
369 argv[1]: testbench.verisimpleV.fetch_buffer_0.reset
370 argv[2]: +all
371 argv[3]: +trace_process
372 *Verdi* : Dumping the signal (testbench.verisimpleV.fetch_buffer_0.reset).
373 pliAppHDL_DumpVarComplete traverse var: profile - 
          CPU/Mem usage: 0.110 sys,  0.110 user,  330.35M mem
                   incr: 0.000 sys,  0.000 user,  0.00M mem
                   accu: 0.000 sys,  0.000 user,  0.00M mem
              accu incr: 0.000 sys,  0.000 user,  0.00M mem

          Count usage: 1 var,  5 idcode,  2 callback
                 incr: 0 var,  2 idcode,  1 callback
                 accu: 0 var,  2 idcode,  1 callback
            accu incr: 0 var,  2 idcode,  1 callback
374 Elapsed time:    0:00:10    Thu Mar 12 18:18:12 2026
375 User CPU time used: 0 seconds
376 System CPU time used: 0 seconds
377 pliAppHDL_DumpVarComplete: profile - 
          CPU/Mem usage: 0.110 sys,  0.110 user,  330.35M mem
                   incr: 0.000 sys,  0.000 user,  0.00M mem
                   accu: 0.000 sys,  0.000 user,  0.00M mem
              accu incr: 0.000 sys,  0.000 user,  0.00M mem

          Count usage: 1 var,  5 idcode,  2 callback
                 incr: 0 var,  0 idcode,  0 callback
                 accu: 0 var,  2 idcode,  1 callback
            accu incr: 0 var,  0 idcode,  0 callback
378 Elapsed time:    0:00:10    Thu Mar 12 18:18:12 2026
379 User CPU time used: 0 seconds
380 System CPU time used: 0 seconds
381 sps_tcl_fsdbDumpvars_vd_main
382 argv[0]: 1
383 argv[1]: testbench.verisimpleV.fetch_buffer_0.mispredicted
384 argv[2]: +all
385 argv[3]: +trace_process
386 *Verdi* : Dumping the signal (testbench.verisimpleV.fetch_buffer_0.mispredicted).
387 pliAppHDL_DumpVarComplete traverse var: profile - 
          CPU/Mem usage: 0.110 sys,  0.110 user,  330.35M mem
                   incr: 0.000 sys,  0.000 user,  0.00M mem
                   accu: 0.000 sys,  0.000 user,  0.00M mem
              accu incr: 0.000 sys,  0.000 user,  0.00M mem

          Count usage: 1 var,  7 idcode,  3 callback
                 incr: 0 var,  2 idcode,  1 callback
                 accu: 0 var,  2 idcode,  1 callback
            accu incr: 0 var,  2 idcode,  1 callback
388 Elapsed time:    0:00:10    Thu Mar 12 18:18:12 2026
389 User CPU time used: 0 seconds
390 System CPU time used: 0 seconds
391 pliAppHDL_DumpVarComplete: profile - 
          CPU/Mem usage: 0.110 sys,  0.110 user,  330.35M mem
                   incr: 0.000 sys,  0.000 user,  0.00M mem
                   accu: 0.000 sys,  0.000 user,  0.00M mem
              accu incr: 0.000 sys,  0.000 user,  0.00M mem

          Count usage: 1 var,  7 idcode,  3 callback
                 incr: 0 var,  0 idcode,  0 callback
                 accu: 0 var,  2 idcode,  1 callback
            accu incr: 0 var,  0 idcode,  0 callback
392 Elapsed time:    0:00:10    Thu Mar 12 18:18:12 2026
393 User CPU time used: 0 seconds
394 System CPU time used: 0 seconds
395 sps_tcl_fsdbDumpvars_vd_main
396 argv[0]: 1
397 argv[1]: testbench.verisimpleV.fetch_buffer_0.dispatch_num_req
398 argv[2]: +all
399 argv[3]: +trace_process
400 *Verdi* : Dumping the signal (testbench.verisimpleV.fetch_buffer_0.dispatch_num_req).
401 pliAppHDL_DumpVarComplete traverse var: profile - 
          CPU/Mem usage: 0.110 sys,  0.110 user,  331.40M mem
                   incr: 0.000 sys,  0.000 user,  1.05M mem
                   accu: 0.000 sys,  0.000 user,  1.05M mem
              accu incr: 0.000 sys,  0.000 user,  1.05M mem

          Count usage: 1 var,  8 idcode,  4 callback
                 incr: 0 var,  1 idcode,  1 callback
                 accu: 0 var,  1 idcode,  1 callback
            accu incr: 0 var,  1 idcode,  1 callback
402 Elapsed time:    0:00:11    Thu Mar 12 18:18:13 2026
403 User CPU time used: 0 seconds
404 System CPU time used: 0 seconds
405 pliAppHDL_DumpVarComplete: profile - 
          CPU/Mem usage: 0.110 sys,  0.110 user,  331.40M mem
                   incr: 0.000 sys,  0.000 user,  0.00M mem
                   accu: 0.000 sys,  0.000 user,  1.05M mem
              accu incr: 0.000 sys,  0.000 user,  0.00M mem

          Count usage: 1 var,  8 idcode,  4 callback
                 incr: 0 var,  0 idcode,  0 callback
                 accu: 0 var,  1 idcode,  1 callback
            accu incr: 0 var,  0 idcode,  0 callback
406 Elapsed time:    0:00:11    Thu Mar 12 18:18:13 2026
407 User CPU time used: 0 seconds
408 System CPU time used: 0 seconds
409 sps_tcl_fsdbDumpvars_vd_main
410 argv[0]: 1
411 argv[1]: testbench.verisimpleV.fetch_buffer_0.fetch_pack
412 argv[2]: +all
413 argv[3]: +trace_process
414 *Verdi* : Dumping the signal (testbench.verisimpleV.fetch_buffer_0.fetch_pack).
415 pliAppHDL_DumpVarComplete traverse var: profile - 
          CPU/Mem usage: 0.110 sys,  0.110 user,  331.40M mem
                   incr: 0.000 sys,  0.000 user,  0.00M mem
                   accu: 0.000 sys,  0.000 user,  0.00M mem
              accu incr: 0.000 sys,  0.000 user,  0.00M mem

          Count usage: 1 var,  10 idcode,  5 callback
                 incr: 0 var,  2 idcode,  1 callback
                 accu: 0 var,  2 idcode,  1 callback
            accu incr: 0 var,  2 idcode,  1 callback
416 Elapsed time:    0:00:11    Thu Mar 12 18:18:13 2026
417 User CPU time used: 0 seconds
418 System CPU time used: 0 seconds
419 pliAppHDL_DumpVarComplete: profile - 
          CPU/Mem usage: 0.110 sys,  0.110 user,  331.40M mem
                   incr: 0.000 sys,  0.000 user,  0.00M mem
                   accu: 0.000 sys,  0.000 user,  0.00M mem
              accu incr: 0.000 sys,  0.000 user,  0.00M mem

          Count usage: 1 var,  10 idcode,  5 callback
                 incr: 0 var,  0 idcode,  0 callback
                 accu: 0 var,  2 idcode,  1 callback
            accu incr: 0 var,  0 idcode,  0 callback
420 Elapsed time:    0:00:11    Thu Mar 12 18:18:13 2026
421 User CPU time used: 0 seconds
422 System CPU time used: 0 seconds
423 sps_tcl_fsdbDumpvars_vd_main
424 argv[0]: 1
425 argv[1]: testbench.verisimpleV.fetch_buffer_0.can_fetch_num
426 argv[2]: +all
427 argv[3]: +trace_process
428 *Verdi* : Dumping the signal (testbench.verisimpleV.fetch_buffer_0.can_fetch_num).
429 pliAppHDL_DumpVarComplete traverse var: profile - 
          CPU/Mem usage: 0.110 sys,  0.110 user,  331.40M mem
                   incr: 0.000 sys,  0.000 user,  0.00M mem
                   accu: 0.000 sys,  0.000 user,  0.00M mem
              accu incr: 0.000 sys,  0.000 user,  0.00M mem

          Count usage: 1 var,  11 idcode,  6 callback
                 incr: 0 var,  1 idcode,  1 callback
                 accu: 0 var,  1 idcode,  1 callback
            accu incr: 0 var,  1 idcode,  1 callback
430 Elapsed time:    0:00:11    Thu Mar 12 18:18:13 2026
431 User CPU time used: 0 seconds
432 System CPU time used: 0 seconds
433 pliAppHDL_DumpVarComplete: profile - 
          CPU/Mem usage: 0.110 sys,  0.110 user,  331.40M mem
                   incr: 0.000 sys,  0.000 user,  0.00M mem
                   accu: 0.000 sys,  0.000 user,  0.00M mem
              accu incr: 0.000 sys,  0.000 user,  0.00M mem

          Count usage: 1 var,  11 idcode,  6 callback
                 incr: 0 var,  0 idcode,  0 callback
                 accu: 0 var,  1 idcode,  1 callback
            accu incr: 0 var,  0 idcode,  0 callback
434 Elapsed time:    0:00:11    Thu Mar 12 18:18:13 2026
435 User CPU time used: 0 seconds
436 System CPU time used: 0 seconds
437 sps_tcl_fsdbDumpvars_vd_main
438 argv[0]: 1
439 argv[1]: testbench.verisimpleV.fetch_buffer_0.dispatch_pack
440 argv[2]: +all
441 argv[3]: +trace_process
442 *Verdi* : Dumping the signal (testbench.verisimpleV.fetch_buffer_0.dispatch_pack).
443 pliAppHDL_DumpVarComplete traverse var: profile - 
          CPU/Mem usage: 0.110 sys,  0.110 user,  331.40M mem
                   incr: 0.000 sys,  0.000 user,  0.00M mem
                   accu: 0.000 sys,  0.000 user,  0.00M mem
              accu incr: 0.000 sys,  0.000 user,  0.00M mem

          Count usage: 1 var,  13 idcode,  7 callback
                 incr: 0 var,  2 idcode,  1 callback
                 accu: 0 var,  2 idcode,  1 callback
            accu incr: 0 var,  2 idcode,  1 callback
444 Elapsed time:    0:00:11    Thu Mar 12 18:18:13 2026
445 User CPU time used: 0 seconds
446 System CPU time used: 0 seconds
447 pliAppHDL_DumpVarComplete: profile - 
          CPU/Mem usage: 0.110 sys,  0.110 user,  331.40M mem
                   incr: 0.000 sys,  0.000 user,  0.00M mem
                   accu: 0.000 sys,  0.000 user,  0.00M mem
              accu incr: 0.000 sys,  0.000 user,  0.00M mem

          Count usage: 1 var,  13 idcode,  7 callback
                 incr: 0 var,  0 idcode,  0 callback
                 accu: 0 var,  2 idcode,  1 callback
            accu incr: 0 var,  0 idcode,  0 callback
448 Elapsed time:    0:00:11    Thu Mar 12 18:18:13 2026
449 User CPU time used: 0 seconds
450 System CPU time used: 0 seconds
451 sps_tcl_fsdbDumpvars_vd_main
452 argv[0]: 1
453 argv[1]: $unit
454 argv[2]: +all
455 argv[3]: +trace_process
456 *Verdi* : Begin traversing the scope ($unit), layer (1).
457 *Verdi* : Enable +trace_process and +all dumping.
458 *Verdi* : End of traversing.
459 pliAppHDL_DumpVarComplete traverse var: profile - 
          CPU/Mem usage: 0.110 sys,  0.110 user,  331.54M mem
                   incr: 0.000 sys,  0.000 user,  0.00M mem
                   accu: 0.000 sys,  0.000 user,  0.00M mem
              accu incr: 0.000 sys,  0.000 user,  0.00M mem

          Count usage: 1 var,  13 idcode,  7 callback
                 incr: 0 var,  0 idcode,  0 callback
                 accu: 0 var,  0 idcode,  0 callback
            accu incr: 0 var,  0 idcode,  0 callback
460 Elapsed time:    0:00:11    Thu Mar 12 18:18:13 2026
461 User CPU time used: 0 seconds
462 System CPU time used: 0 seconds
463 pliAppHDL_DumpVarComplete: profile - 
          CPU/Mem usage: 0.110 sys,  0.110 user,  331.54M mem
                   incr: 0.000 sys,  0.000 user,  0.00M mem
                   accu: 0.000 sys,  0.000 user,  0.00M mem
              accu incr: 0.000 sys,  0.000 user,  0.00M mem

          Count usage: 1 var,  13 idcode,  7 callback
                 incr: 0 var,  0 idcode,  0 callback
                 accu: 0 var,  0 idcode,  0 callback
            accu incr: 0 var,  0 idcode,  0 callback
464 Elapsed time:    0:00:11    Thu Mar 12 18:18:13 2026
465 User CPU time used: 0 seconds
466 System CPU time used: 0 seconds
467 sps_tcl_fsdbDumpvars_vd_main
468 argv[0]: 1
469 argv[1]: testbench.verisimpleV.fetch_buffer_0.DEPTH
470 argv[2]: +all
471 argv[3]: +trace_process
472 *Verdi* : Dumping the signal (testbench.verisimpleV.fetch_buffer_0.DEPTH).
473 pliAppHDL_DumpVarComplete traverse var: profile - 
          CPU/Mem usage: 0.110 sys,  0.110 user,  331.54M mem
                   incr: 0.000 sys,  0.000 user,  0.00M mem
                   accu: 0.000 sys,  0.000 user,  0.00M mem
              accu incr: 0.000 sys,  0.000 user,  0.00M mem

          Count usage: 1 var,  14 idcode,  7 callback
                 incr: 0 var,  1 idcode,  0 callback
                 accu: 0 var,  1 idcode,  0 callback
            accu incr: 0 var,  1 idcode,  0 callback
474 Elapsed time:    0:00:11    Thu Mar 12 18:18:13 2026
475 User CPU time used: 0 seconds
476 System CPU time used: 0 seconds
477 pliAppHDL_DumpVarComplete: profile - 
          CPU/Mem usage: 0.110 sys,  0.110 user,  331.54M mem
                   incr: 0.000 sys,  0.000 user,  0.00M mem
                   accu: 0.000 sys,  0.000 user,  0.00M mem
              accu incr: 0.000 sys,  0.000 user,  0.00M mem

          Count usage: 1 var,  14 idcode,  7 callback
                 incr: 0 var,  0 idcode,  0 callback
                 accu: 0 var,  1 idcode,  0 callback
            accu incr: 0 var,  0 idcode,  0 callback
478 Elapsed time:    0:00:11    Thu Mar 12 18:18:13 2026
479 User CPU time used: 0 seconds
480 System CPU time used: 0 seconds
481 sps_tcl_fsdbDumpvars_vd_main
482 argv[0]: 1
483 argv[1]: testbench.verisimpleV.fetch_buffer_0.buffer
484 argv[2]: +all
485 argv[3]: +trace_process
486 *Verdi* : Dumping the signal (testbench.verisimpleV.fetch_buffer_0.buffer).
487 pliAppHDL_DumpVarComplete traverse var: profile - 
          CPU/Mem usage: 0.110 sys,  0.110 user,  331.54M mem
                   incr: 0.000 sys,  0.000 user,  0.00M mem
                   accu: 0.000 sys,  0.000 user,  0.00M mem
              accu incr: 0.000 sys,  0.000 user,  0.00M mem

          Count usage: 1 var,  22 idcode,  8 callback
                 incr: 0 var,  8 idcode,  1 callback
                 accu: 0 var,  8 idcode,  1 callback
            accu incr: 0 var,  8 idcode,  1 callback
488 Elapsed time:    0:00:11    Thu Mar 12 18:18:13 2026
489 User CPU time used: 0 seconds
490 System CPU time used: 0 seconds
491 pliAppHDL_DumpVarComplete: profile - 
          CPU/Mem usage: 0.110 sys,  0.110 user,  331.54M mem
                   incr: 0.000 sys,  0.000 user,  0.00M mem
                   accu: 0.000 sys,  0.000 user,  0.00M mem
              accu incr: 0.000 sys,  0.000 user,  0.00M mem

          Count usage: 1 var,  22 idcode,  8 callback
                 incr: 0 var,  0 idcode,  0 callback
                 accu: 0 var,  8 idcode,  1 callback
            accu incr: 0 var,  0 idcode,  0 callback
492 Elapsed time:    0:00:11    Thu Mar 12 18:18:13 2026
493 User CPU time used: 0 seconds
494 System CPU time used: 0 seconds
495 sps_tcl_fsdbDumpvars_vd_main
496 argv[0]: 1
497 argv[1]: testbench.verisimpleV.fetch_buffer_0.buffer_n
498 argv[2]: +all
499 argv[3]: +trace_process
500 *Verdi* : Dumping the signal (testbench.verisimpleV.fetch_buffer_0.buffer_n).
501 pliAppHDL_DumpVarComplete traverse var: profile - 
          CPU/Mem usage: 0.110 sys,  0.110 user,  331.54M mem
                   incr: 0.000 sys,  0.000 user,  0.00M mem
                   accu: 0.000 sys,  0.000 user,  0.00M mem
              accu incr: 0.000 sys,  0.000 user,  0.00M mem

          Count usage: 1 var,  30 idcode,  9 callback
                 incr: 0 var,  8 idcode,  1 callback
                 accu: 0 var,  8 idcode,  1 callback
            accu incr: 0 var,  8 idcode,  1 callback
502 Elapsed time:    0:00:11    Thu Mar 12 18:18:13 2026
503 User CPU time used: 0 seconds
504 System CPU time used: 0 seconds
505 pliAppHDL_DumpVarComplete: profile - 
          CPU/Mem usage: 0.110 sys,  0.110 user,  331.54M mem
                   incr: 0.000 sys,  0.000 user,  0.00M mem
                   accu: 0.000 sys,  0.000 user,  0.00M mem
              accu incr: 0.000 sys,  0.000 user,  0.00M mem

          Count usage: 1 var,  30 idcode,  9 callback
                 incr: 0 var,  0 idcode,  0 callback
                 accu: 0 var,  8 idcode,  1 callback
            accu incr: 0 var,  0 idcode,  0 callback
506 Elapsed time:    0:00:11    Thu Mar 12 18:18:13 2026
507 User CPU time used: 0 seconds
508 System CPU time used: 0 seconds
509 sps_tcl_fsdbDumpvars_vd_main
510 argv[0]: 1
511 argv[1]: testbench.verisimpleV.fetch_buffer_0.BUFFER_CNT
512 argv[2]: +all
513 argv[3]: +trace_process
514 *Verdi* : Dumping the signal (testbench.verisimpleV.fetch_buffer_0.BUFFER_CNT).
515 pliAppHDL_DumpVarComplete traverse var: profile - 
          CPU/Mem usage: 0.110 sys,  0.110 user,  331.54M mem
                   incr: 0.000 sys,  0.000 user,  0.00M mem
                   accu: 0.000 sys,  0.000 user,  0.00M mem
              accu incr: 0.000 sys,  0.000 user,  0.00M mem

          Count usage: 1 var,  31 idcode,  9 callback
                 incr: 0 var,  1 idcode,  0 callback
                 accu: 0 var,  1 idcode,  0 callback
            accu incr: 0 var,  1 idcode,  0 callback
516 Elapsed time:    0:00:11    Thu Mar 12 18:18:13 2026
517 User CPU time used: 0 seconds
518 System CPU time used: 0 seconds
519 pliAppHDL_DumpVarComplete: profile - 
          CPU/Mem usage: 0.110 sys,  0.110 user,  331.54M mem
                   incr: 0.000 sys,  0.000 user,  0.00M mem
                   accu: 0.000 sys,  0.000 user,  0.00M mem
              accu incr: 0.000 sys,  0.000 user,  0.00M mem

          Count usage: 1 var,  31 idcode,  9 callback
                 incr: 0 var,  0 idcode,  0 callback
                 accu: 0 var,  1 idcode,  0 callback
            accu incr: 0 var,  0 idcode,  0 callback
520 Elapsed time:    0:00:11    Thu Mar 12 18:18:13 2026
521 User CPU time used: 0 seconds
522 System CPU time used: 0 seconds
523 sps_tcl_fsdbDumpvars_vd_main
524 argv[0]: 1
525 argv[1]: testbench.verisimpleV.fetch_buffer_0.head
526 argv[2]: +all
527 argv[3]: +trace_process
528 *Verdi* : Dumping the signal (testbench.verisimpleV.fetch_buffer_0.head).
529 pliAppHDL_DumpVarComplete traverse var: profile - 
          CPU/Mem usage: 0.110 sys,  0.110 user,  331.54M mem
                   incr: 0.000 sys,  0.000 user,  0.00M mem
                   accu: 0.000 sys,  0.000 user,  0.00M mem
              accu incr: 0.000 sys,  0.000 user,  0.00M mem

          Count usage: 1 var,  32 idcode,  10 callback
                 incr: 0 var,  1 idcode,  1 callback
                 accu: 0 var,  1 idcode,  1 callback
            accu incr: 0 var,  1 idcode,  1 callback
530 Elapsed time:    0:00:11    Thu Mar 12 18:18:13 2026
531 User CPU time used: 0 seconds
532 System CPU time used: 0 seconds
533 pliAppHDL_DumpVarComplete: profile - 
          CPU/Mem usage: 0.110 sys,  0.110 user,  331.54M mem
                   incr: 0.000 sys,  0.000 user,  0.00M mem
                   accu: 0.000 sys,  0.000 user,  0.00M mem
              accu incr: 0.000 sys,  0.000 user,  0.00M mem

          Count usage: 1 var,  32 idcode,  10 callback
                 incr: 0 var,  0 idcode,  0 callback
                 accu: 0 var,  1 idcode,  1 callback
            accu incr: 0 var,  0 idcode,  0 callback
534 Elapsed time:    0:00:11    Thu Mar 12 18:18:13 2026
535 User CPU time used: 0 seconds
536 System CPU time used: 0 seconds
537 sps_tcl_fsdbDumpvars_vd_main
538 argv[0]: 1
539 argv[1]: testbench.verisimpleV.fetch_buffer_0.head_n
540 argv[2]: +all
541 argv[3]: +trace_process
542 *Verdi* : Dumping the signal (testbench.verisimpleV.fetch_buffer_0.head_n).
543 pliAppHDL_DumpVarComplete traverse var: profile - 
          CPU/Mem usage: 0.110 sys,  0.110 user,  331.54M mem
                   incr: 0.000 sys,  0.000 user,  0.00M mem
                   accu: 0.000 sys,  0.000 user,  0.00M mem
              accu incr: 0.000 sys,  0.000 user,  0.00M mem

          Count usage: 1 var,  33 idcode,  11 callback
                 incr: 0 var,  1 idcode,  1 callback
                 accu: 0 var,  1 idcode,  1 callback
            accu incr: 0 var,  1 idcode,  1 callback
544 Elapsed time:    0:00:11    Thu Mar 12 18:18:13 2026
545 User CPU time used: 0 seconds
546 System CPU time used: 0 seconds
547 pliAppHDL_DumpVarComplete: profile - 
          CPU/Mem usage: 0.110 sys,  0.110 user,  331.54M mem
                   incr: 0.000 sys,  0.000 user,  0.00M mem
                   accu: 0.000 sys,  0.000 user,  0.00M mem
              accu incr: 0.000 sys,  0.000 user,  0.00M mem

          Count usage: 1 var,  33 idcode,  11 callback
                 incr: 0 var,  0 idcode,  0 callback
                 accu: 0 var,  1 idcode,  1 callback
            accu incr: 0 var,  0 idcode,  0 callback
548 Elapsed time:    0:00:11    Thu Mar 12 18:18:13 2026
549 User CPU time used: 0 seconds
550 System CPU time used: 0 seconds
551 sps_tcl_fsdbDumpvars_vd_main
552 argv[0]: 1
553 argv[1]: testbench.verisimpleV.fetch_buffer_0.tail
554 argv[2]: +all
555 argv[3]: +trace_process
556 *Verdi* : Dumping the signal (testbench.verisimpleV.fetch_buffer_0.tail).
557 pliAppHDL_DumpVarComplete traverse var: profile - 
          CPU/Mem usage: 0.110 sys,  0.110 user,  331.54M mem
                   incr: 0.000 sys,  0.000 user,  0.00M mem
                   accu: 0.000 sys,  0.000 user,  0.00M mem
              accu incr: 0.000 sys,  0.000 user,  0.00M mem

          Count usage: 1 var,  34 idcode,  12 callback
                 incr: 0 var,  1 idcode,  1 callback
                 accu: 0 var,  1 idcode,  1 callback
            accu incr: 0 var,  1 idcode,  1 callback
558 Elapsed time:    0:00:11    Thu Mar 12 18:18:13 2026
559 User CPU time used: 0 seconds
560 System CPU time used: 0 seconds
561 pliAppHDL_DumpVarComplete: profile - 
          CPU/Mem usage: 0.110 sys,  0.110 user,  331.54M mem
                   incr: 0.000 sys,  0.000 user,  0.00M mem
                   accu: 0.000 sys,  0.000 user,  0.00M mem
              accu incr: 0.000 sys,  0.000 user,  0.00M mem

          Count usage: 1 var,  34 idcode,  12 callback
                 incr: 0 var,  0 idcode,  0 callback
                 accu: 0 var,  1 idcode,  1 callback
            accu incr: 0 var,  0 idcode,  0 callback
562 Elapsed time:    0:00:11    Thu Mar 12 18:18:13 2026
563 User CPU time used: 0 seconds
564 System CPU time used: 0 seconds
565 sps_tcl_fsdbDumpvars_vd_main
566 argv[0]: 1
567 argv[1]: testbench.verisimpleV.fetch_buffer_0.tail_n
568 argv[2]: +all
569 argv[3]: +trace_process
570 *Verdi* : Dumping the signal (testbench.verisimpleV.fetch_buffer_0.tail_n).
571 pliAppHDL_DumpVarComplete traverse var: profile - 
          CPU/Mem usage: 0.110 sys,  0.110 user,  331.54M mem
                   incr: 0.000 sys,  0.000 user,  0.00M mem
                   accu: 0.000 sys,  0.000 user,  0.00M mem
              accu incr: 0.000 sys,  0.000 user,  0.00M mem

          Count usage: 1 var,  35 idcode,  13 callback
                 incr: 0 var,  1 idcode,  1 callback
                 accu: 0 var,  1 idcode,  1 callback
            accu incr: 0 var,  1 idcode,  1 callback
572 Elapsed time:    0:00:11    Thu Mar 12 18:18:13 2026
573 User CPU time used: 0 seconds
574 System CPU time used: 0 seconds
575 pliAppHDL_DumpVarComplete: profile - 
          CPU/Mem usage: 0.110 sys,  0.110 user,  331.54M mem
                   incr: 0.000 sys,  0.000 user,  0.00M mem
                   accu: 0.000 sys,  0.000 user,  0.00M mem
              accu incr: 0.000 sys,  0.000 user,  0.00M mem

          Count usage: 1 var,  35 idcode,  13 callback
                 incr: 0 var,  0 idcode,  0 callback
                 accu: 0 var,  1 idcode,  1 callback
            accu incr: 0 var,  0 idcode,  0 callback
576 Elapsed time:    0:00:11    Thu Mar 12 18:18:13 2026
577 User CPU time used: 0 seconds
578 System CPU time used: 0 seconds
579 sps_tcl_fsdbDumpvars_vd_main
580 argv[0]: 1
581 argv[1]: testbench.verisimpleV.fetch_buffer_0.count
582 argv[2]: +all
583 argv[3]: +trace_process
584 *Verdi* : Dumping the signal (testbench.verisimpleV.fetch_buffer_0.count).
585 pliAppHDL_DumpVarComplete traverse var: profile - 
          CPU/Mem usage: 0.110 sys,  0.110 user,  331.54M mem
                   incr: 0.000 sys,  0.000 user,  0.00M mem
                   accu: 0.000 sys,  0.000 user,  0.00M mem
              accu incr: 0.000 sys,  0.000 user,  0.00M mem

          Count usage: 1 var,  36 idcode,  14 callback
                 incr: 0 var,  1 idcode,  1 callback
                 accu: 0 var,  1 idcode,  1 callback
            accu incr: 0 var,  1 idcode,  1 callback
586 Elapsed time:    0:00:11    Thu Mar 12 18:18:13 2026
587 User CPU time used: 0 seconds
588 System CPU time used: 0 seconds
589 pliAppHDL_DumpVarComplete: profile - 
          CPU/Mem usage: 0.110 sys,  0.110 user,  331.54M mem
                   incr: 0.000 sys,  0.000 user,  0.00M mem
                   accu: 0.000 sys,  0.000 user,  0.00M mem
              accu incr: 0.000 sys,  0.000 user,  0.00M mem

          Count usage: 1 var,  36 idcode,  14 callback
                 incr: 0 var,  0 idcode,  0 callback
                 accu: 0 var,  1 idcode,  1 callback
            accu incr: 0 var,  0 idcode,  0 callback
590 Elapsed time:    0:00:11    Thu Mar 12 18:18:13 2026
591 User CPU time used: 0 seconds
592 System CPU time used: 0 seconds
593 sps_tcl_fsdbDumpvars_vd_main
594 argv[0]: 1
595 argv[1]: testbench.verisimpleV.fetch_buffer_0.count_n
596 argv[2]: +all
597 argv[3]: +trace_process
598 *Verdi* : Dumping the signal (testbench.verisimpleV.fetch_buffer_0.count_n).
599 pliAppHDL_DumpVarComplete traverse var: profile - 
          CPU/Mem usage: 0.110 sys,  0.110 user,  331.54M mem
                   incr: 0.000 sys,  0.000 user,  0.00M mem
                   accu: 0.000 sys,  0.000 user,  0.00M mem
              accu incr: 0.000 sys,  0.000 user,  0.00M mem

          Count usage: 1 var,  37 idcode,  15 callback
                 incr: 0 var,  1 idcode,  1 callback
                 accu: 0 var,  1 idcode,  1 callback
            accu incr: 0 var,  1 idcode,  1 callback
600 Elapsed time:    0:00:11    Thu Mar 12 18:18:13 2026
601 User CPU time used: 0 seconds
602 System CPU time used: 0 seconds
603 pliAppHDL_DumpVarComplete: profile - 
          CPU/Mem usage: 0.110 sys,  0.110 user,  331.54M mem
                   incr: 0.000 sys,  0.000 user,  0.00M mem
                   accu: 0.000 sys,  0.000 user,  0.00M mem
              accu incr: 0.000 sys,  0.000 user,  0.00M mem

          Count usage: 1 var,  37 idcode,  15 callback
                 incr: 0 var,  0 idcode,  0 callback
                 accu: 0 var,  1 idcode,  1 callback
            accu incr: 0 var,  0 idcode,  0 callback
604 Elapsed time:    0:00:11    Thu Mar 12 18:18:13 2026
605 User CPU time used: 0 seconds
606 System CPU time used: 0 seconds
607 sps_tcl_fsdbDumpflush_vd_main at 0 : N/A(0)
608 *Verdi* : Flush all FSDB Files at 000 ps.
609 sps_tcl_fsdbDumpflush_vd_main at 199140150 : N/A(0)
610 *Verdi* : Flush all FSDB Files at 19,914,015,000 ps.
