Info: [VCS_SAVE_RESTORE_INFO] ASLR (Address Space Layout Randomization) is detected on the machine. To enable $save functionality, ASLR will be switched off and simv re-executed.
Please use '-no_save' simv switch to avoid re-execution or '-suppress=ASLR_DETECTED_INFO' to suppress this message.
Chronologic VCS simulator copyright 1991-2023
Contains Synopsys proprietary information.
Compiler version V-2023.12-SP2-1_Full64; Runtime version V-2023.12-SP2-1_Full64;  Mar 12 15:38 2026

---- Starting CPU Testbench (direct-fetch mode) ----

Using memory file  : programs/mem/halt.mem
Using output files : output/halt.{out, cpi, wb}

                 0 : Asserting Reset
               450 : Loading Unified Memory
              1060 : Deasserting Reset
              1060 : Running Processor
              2120 : Processor Finished

---- Finished CPU Testbench ----

$finish called from file "test/testbenches/given/cpu_test.sv", line 250.
$finish at simulation time                 3120
           V C S   S i m u l a t i o n   R e p o r t 
Time: 312000 ps
CPU Time:      0.240 seconds;       Data structure size:   0.3Mb
Thu Mar 12 15:38:26 2026
