Info: [VCS_SAVE_RESTORE_INFO] ASLR (Address Space Layout Randomization) is detected on the machine. To enable $save functionality, ASLR will be switched off and simv re-executed.
Please use '-no_save' simv switch to avoid re-execution or '-suppress=ASLR_DETECTED_INFO' to suppress this message.
Chronologic VCS simulator copyright 1991-2023
Contains Synopsys proprietary information.
Compiler version V-2023.12-SP2-1_Full64; Runtime version V-2023.12-SP2-1_Full64;  Mar 12 17:34 2026

---- Starting CPU Testbench (direct-fetch mode) ----

Using memory file  : programs/mem/mult_no_lsq.mem
Using output files : output/mult_no_lsq.{out, cpi, wb}

                 0 : Asserting Reset
               450 : Loading Unified Memory
              1060 : Deasserting Reset
              1060 : Running Processor
           3000920 :      10000 cycles
           6000920 :      20000 cycles
           9000920 :      30000 cycles
          12000920 :      40000 cycles
          15000920 :      50000 cycles
          18000920 :      60000 cycles
          21000920 :      70000 cycles
          24000920 :      80000 cycles
          27000920 :      90000 cycles
          30000920 :     100000 cycles
          33000920 :     110000 cycles
          36000920 :     120000 cycles
          39000920 :     130000 cycles
          42000920 :     140000 cycles
          45000920 :     150000 cycles
          48000920 :     160000 cycles
          51000920 :     170000 cycles
          54000920 :     180000 cycles
          57000920 :     190000 cycles
          60000920 :     200000 cycles
          63000920 :     210000 cycles
          66000920 :     220000 cycles
          69000920 :     230000 cycles
          72000920 :     240000 cycles
          75000920 :     250000 cycles
          78000920 :     260000 cycles
          81000920 :     270000 cycles
          84000920 :     280000 cycles
          87000920 :     290000 cycles
          90000920 :     300000 cycles
          93000920 :     310000 cycles
          96000920 :     320000 cycles
          99000920 :     330000 cycles
         102000920 :     340000 cycles
         105000920 :     350000 cycles
         108000920 :     360000 cycles
         111000920 :     370000 cycles
         114000920 :     380000 cycles
         117000920 :     390000 cycles
         120000920 :     400000 cycles
         123000920 :     410000 cycles
         126000920 :     420000 cycles
         129000920 :     430000 cycles
         132000920 :     440000 cycles
         135000920 :     450000 cycles
         138000920 :     460000 cycles
         141000920 :     470000 cycles
         144000920 :     480000 cycles
         147000920 :     490000 cycles
         150000920 :     500000 cycles
         153000920 :     510000 cycles
         156000920 :     520000 cycles
         159000920 :     530000 cycles
         162000920 :     540000 cycles
         165000920 :     550000 cycles
         168000920 :     560000 cycles
         171000920 :     570000 cycles
         174000920 :     580000 cycles
         177000920 :     590000 cycles
         180000920 :     600000 cycles
         183000920 :     610000 cycles
         186000920 :     620000 cycles
         189000920 :     630000 cycles
         192000920 :     640000 cycles
         195000920 :     650000 cycles
         198000920 :     660000 cycles
         201000920 :     670000 cycles
         204000920 :     680000 cycles
         207000920 :     690000 cycles
         210000920 :     700000 cycles
         213000920 :     710000 cycles
         216000920 :     720000 cycles
         219000920 :     730000 cycles
         222000920 :     740000 cycles
         225000920 :     750000 cycles
         228000920 :     760000 cycles
         231000920 :     770000 cycles
         234000920 :     780000 cycles
         237000920 :     790000 cycles
         240000920 :     800000 cycles
         243000920 :     810000 cycles
         246000920 :     820000 cycles
         249000920 :     830000 cycles
         252000920 :     840000 cycles
         255000920 :     850000 cycles
         258000920 :     860000 cycles
         261000920 :     870000 cycles
         264000920 :     880000 cycles
         267000920 :     890000 cycles
         270000920 :     900000 cycles
         273000920 :     910000 cycles
         276000920 :     920000 cycles
         279000920 :     930000 cycles
         282000920 :     940000 cycles
         285000920 :     950000 cycles
         288000920 :     960000 cycles
         291000920 :     970000 cycles
         294000920 :     980000 cycles
         297000920 :     990000 cycles
         300000920 :    1000000 cycles
         303000920 :    1010000 cycles
         306000920 :    1020000 cycles
         309000920 :    1030000 cycles
         312000920 :    1040000 cycles
         315000920 :    1050000 cycles
         318000920 :    1060000 cycles
         321000920 :    1070000 cycles
         324000920 :    1080000 cycles
         327000920 :    1090000 cycles
         330000920 :    1100000 cycles
         333000920 :    1110000 cycles
         336000920 :    1120000 cycles
         339000920 :    1130000 cycles
         342000920 :    1140000 cycles
         345000920 :    1150000 cycles
         348000920 :    1160000 cycles
         351000920 :    1170000 cycles
         354000920 :    1180000 cycles
         357000920 :    1190000 cycles
         360000920 :    1200000 cycles
         363000920 :    1210000 cycles
         366000920 :    1220000 cycles
         369000920 :    1230000 cycles
         372000920 :    1240000 cycles
         375000920 :    1250000 cycles
         378000920 :    1260000 cycles
         381000920 :    1270000 cycles
         384000920 :    1280000 cycles
         387000920 :    1290000 cycles
         390000920 :    1300000 cycles
         393000920 :    1310000 cycles
         396000920 :    1320000 cycles
         399000920 :    1330000 cycles
         402000920 :    1340000 cycles
         405000920 :    1350000 cycles
         408000920 :    1360000 cycles
         411000920 :    1370000 cycles
         414000920 :    1380000 cycles
         417000920 :    1390000 cycles
         420000920 :    1400000 cycles
         423000920 :    1410000 cycles
         426000920 :    1420000 cycles
         429000920 :    1430000 cycles
         432000920 :    1440000 cycles
         435000920 :    1450000 cycles
         438000920 :    1460000 cycles
         441000920 :    1470000 cycles
         444000920 :    1480000 cycles
         447000920 :    1490000 cycles
         450000920 :    1500000 cycles
         453000920 :    1510000 cycles
         456000920 :    1520000 cycles
         459000920 :    1530000 cycles
         462000920 :    1540000 cycles
         465000920 :    1550000 cycles
         468000920 :    1560000 cycles
         471000920 :    1570000 cycles
         474000920 :    1580000 cycles
         477000920 :    1590000 cycles
         480000920 :    1600000 cycles
         483000920 :    1610000 cycles
         486000920 :    1620000 cycles
         489000920 :    1630000 cycles
         492000920 :    1640000 cycles
         495000920 :    1650000 cycles
         498000920 :    1660000 cycles
         501000920 :    1670000 cycles
         504000920 :    1680000 cycles
         507000920 :    1690000 cycles
         510000920 :    1700000 cycles
         513000920 :    1710000 cycles
         516000920 :    1720000 cycles
         519000920 :    1730000 cycles
         522000920 :    1740000 cycles
         525000920 :    1750000 cycles
         528000920 :    1760000 cycles
         531000920 :    1770000 cycles
         534000920 :    1780000 cycles
         537000920 :    1790000 cycles
         540000920 :    1800000 cycles
         543000920 :    1810000 cycles
         546000920 :    1820000 cycles
         549000920 :    1830000 cycles
         552000920 :    1840000 cycles
         555000920 :    1850000 cycles
         558000920 :    1860000 cycles
         561000920 :    1870000 cycles
         564000920 :    1880000 cycles
         567000920 :    1890000 cycles
         570000920 :    1900000 cycles
         573000920 :    1910000 cycles
         576000920 :    1920000 cycles
         579000920 :    1930000 cycles
         582000920 :    1940000 cycles
         585000920 :    1950000 cycles
         588000920 :    1960000 cycles
         591000920 :    1970000 cycles
         594000920 :    1980000 cycles
         597000920 :    1990000 cycles
         600000920 :    2000000 cycles
         603000920 :    2010000 cycles
         606000920 :    2020000 cycles
         609000920 :    2030000 cycles
         612000920 :    2040000 cycles
         615000920 :    2050000 cycles
         618000920 :    2060000 cycles
         621000920 :    2070000 cycles
         624000920 :    2080000 cycles
         627000920 :    2090000 cycles
         630000920 :    2100000 cycles
         633000920 :    2110000 cycles
         636000920 :    2120000 cycles
         639000920 :    2130000 cycles
         642000920 :    2140000 cycles
         645000920 :    2150000 cycles
         648000920 :    2160000 cycles
         651000920 :    2170000 cycles
         654000920 :    2180000 cycles
         657000920 :    2190000 cycles
         660000920 :    2200000 cycles
         663000920 :    2210000 cycles
         666000920 :    2220000 cycles
         669000920 :    2230000 cycles
         672000920 :    2240000 cycles
         675000920 :    2250000 cycles
         678000920 :    2260000 cycles
         681000920 :    2270000 cycles
         684000920 :    2280000 cycles
         687000920 :    2290000 cycles
         690000920 :    2300000 cycles
         693000920 :    2310000 cycles
         696000920 :    2320000 cycles
         699000920 :    2330000 cycles
         702000920 :    2340000 cycles
         705000920 :    2350000 cycles
         708000920 :    2360000 cycles
         711000920 :    2370000 cycles
         714000920 :    2380000 cycles
         717000920 :    2390000 cycles
         720000920 :    2400000 cycles
         723000920 :    2410000 cycles
         726000920 :    2420000 cycles
         729000920 :    2430000 cycles
         732000920 :    2440000 cycles
         735000920 :    2450000 cycles
         738000920 :    2460000 cycles
         741000920 :    2470000 cycles
         744000920 :    2480000 cycles
         747000920 :    2490000 cycles
         750000920 :    2500000 cycles
         753000920 :    2510000 cycles
         756000920 :    2520000 cycles
         759000920 :    2530000 cycles
         762000920 :    2540000 cycles
         765000920 :    2550000 cycles
         768000920 :    2560000 cycles
         771000920 :    2570000 cycles
         774000920 :    2580000 cycles
         777000920 :    2590000 cycles
         780000920 :    2600000 cycles
         783000920 :    2610000 cycles
         786000920 :    2620000 cycles
         789000920 :    2630000 cycles
         792000920 :    2640000 cycles
         795000920 :    2650000 cycles
         798000920 :    2660000 cycles
         801000920 :    2670000 cycles
         804000920 :    2680000 cycles
         807000920 :    2690000 cycles
         810000920 :    2700000 cycles
         813000920 :    2710000 cycles
         816000920 :    2720000 cycles
         819000920 :    2730000 cycles
         822000920 :    2740000 cycles
         825000920 :    2750000 cycles
         828000920 :    2760000 cycles
         831000920 :    2770000 cycles
         834000920 :    2780000 cycles
         837000920 :    2790000 cycles
         840000920 :    2800000 cycles
         843000920 :    2810000 cycles
         846000920 :    2820000 cycles
         849000920 :    2830000 cycles
         852000920 :    2840000 cycles
         855000920 :    2850000 cycles
         858000920 :    2860000 cycles
         861000920 :    2870000 cycles
         864000920 :    2880000 cycles
         867000920 :    2890000 cycles
         870000920 :    2900000 cycles
         873000920 :    2910000 cycles
         876000920 :    2920000 cycles
         879000920 :    2930000 cycles
         882000920 :    2940000 cycles
         885000920 :    2950000 cycles
         888000920 :    2960000 cycles
         891000920 :    2970000 cycles
         894000920 :    2980000 cycles
         897000920 :    2990000 cycles
         900000920 :    3000000 cycles
         903000920 :    3010000 cycles
         906000920 :    3020000 cycles
         909000920 :    3030000 cycles
         912000920 :    3040000 cycles
         915000920 :    3050000 cycles
         918000920 :    3060000 cycles
         921000920 :    3070000 cycles
         924000920 :    3080000 cycles
         927000920 :    3090000 cycles
         930000920 :    3100000 cycles
         933000920 :    3110000 cycles
         936000920 :    3120000 cycles
         939000920 :    3130000 cycles
         942000920 :    3140000 cycles
         945000920 :    3150000 cycles
         948000920 :    3160000 cycles
         951000920 :    3170000 cycles
         954000920 :    3180000 cycles
         957000920 :    3190000 cycles
         960000920 :    3200000 cycles
         963000920 :    3210000 cycles
         966000920 :    3220000 cycles
         969000920 :    3230000 cycles
         972000920 :    3240000 cycles
         975000920 :    3250000 cycles
         978000920 :    3260000 cycles
         981000920 :    3270000 cycles
         984000920 :    3280000 cycles
         987000920 :    3290000 cycles
         990000920 :    3300000 cycles
         993000920 :    3310000 cycles
         996000920 :    3320000 cycles
         999000920 :    3330000 cycles
        1002000920 :    3340000 cycles
        1005000920 :    3350000 cycles
        1008000920 :    3360000 cycles
        1011000920 :    3370000 cycles
        1014000920 :    3380000 cycles
        1017000920 :    3390000 cycles
        1020000920 :    3400000 cycles
        1023000920 :    3410000 cycles
        1026000920 :    3420000 cycles
        1029000920 :    3430000 cycles
        1032000920 :    3440000 cycles
        1035000920 :    3450000 cycles
        1038000920 :    3460000 cycles
        1041000920 :    3470000 cycles
        1044000920 :    3480000 cycles
        1047000920 :    3490000 cycles
        1050000920 :    3500000 cycles
        1053000920 :    3510000 cycles
        1056000920 :    3520000 cycles
        1059000920 :    3530000 cycles
        1062000920 :    3540000 cycles
        1065000920 :    3550000 cycles
        1068000920 :    3560000 cycles
        1071000920 :    3570000 cycles
        1074000920 :    3580000 cycles
        1077000920 :    3590000 cycles
        1080000920 :    3600000 cycles
        1083000920 :    3610000 cycles
        1086000920 :    3620000 cycles
        1089000920 :    3630000 cycles
        1092000920 :    3640000 cycles
        1095000920 :    3650000 cycles
        1098000920 :    3660000 cycles
        1101000920 :    3670000 cycles
        1104000920 :    3680000 cycles
        1107000920 :    3690000 cycles
        1110000920 :    3700000 cycles
        1113000920 :    3710000 cycles
        1116000920 :    3720000 cycles
        1119000920 :    3730000 cycles
        1122000920 :    3740000 cycles
        1125000920 :    3750000 cycles
        1128000920 :    3760000 cycles
        1131000920 :    3770000 cycles
        1134000920 :    3780000 cycles
        1137000920 :    3790000 cycles
        1140000920 :    3800000 cycles
        1143000920 :    3810000 cycles
        1146000920 :    3820000 cycles
        1149000920 :    3830000 cycles
        1152000920 :    3840000 cycles
        1155000920 :    3850000 cycles
        1158000920 :    3860000 cycles
        1161000920 :    3870000 cycles
        1164000920 :    3880000 cycles
        1167000920 :    3890000 cycles
        1170000920 :    3900000 cycles
        1173000920 :    3910000 cycles
        1176000920 :    3920000 cycles
        1179000920 :    3930000 cycles
        1182000920 :    3940000 cycles
        1185000920 :    3950000 cycles
        1188000920 :    3960000 cycles
        1191000920 :    3970000 cycles
        1194000920 :    3980000 cycles
        1197000920 :    3990000 cycles
        1200000920 :    4000000 cycles
        1203000920 :    4010000 cycles
        1206000920 :    4020000 cycles
        1209000920 :    4030000 cycles
        1212000920 :    4040000 cycles
        1215000920 :    4050000 cycles
        1218000920 :    4060000 cycles
        1221000920 :    4070000 cycles
        1224000920 :    4080000 cycles
        1227000920 :    4090000 cycles
        1230000920 :    4100000 cycles
        1233000920 :    4110000 cycles
        1236000920 :    4120000 cycles
        1239000920 :    4130000 cycles
        1242000920 :    4140000 cycles
        1245000920 :    4150000 cycles
        1248000920 :    4160000 cycles
        1251000920 :    4170000 cycles
        1254000920 :    4180000 cycles
        1257000920 :    4190000 cycles
        1260000920 :    4200000 cycles
        1263000920 :    4210000 cycles
        1266000920 :    4220000 cycles
        1269000920 :    4230000 cycles
        1272000920 :    4240000 cycles
        1275000920 :    4250000 cycles
        1278000920 :    4260000 cycles
        1281000920 :    4270000 cycles
        1284000920 :    4280000 cycles
        1287000920 :    4290000 cycles
        1290000920 :    4300000 cycles
        1293000920 :    4310000 cycles
        1296000920 :    4320000 cycles
        1299000920 :    4330000 cycles
        1302000920 :    4340000 cycles
        1305000920 :    4350000 cycles
        1308000920 :    4360000 cycles
        1311000920 :    4370000 cycles
        1314000920 :    4380000 cycles
        1317000920 :    4390000 cycles
        1320000920 :    4400000 cycles
        1323000920 :    4410000 cycles
        1326000920 :    4420000 cycles
        1329000920 :    4430000 cycles
        1332000920 :    4440000 cycles
        1335000920 :    4450000 cycles
        1338000920 :    4460000 cycles
        1341000920 :    4470000 cycles
        1344000920 :    4480000 cycles
        1347000920 :    4490000 cycles
        1350000920 :    4500000 cycles
        1353000920 :    4510000 cycles
        1356000920 :    4520000 cycles
        1359000920 :    4530000 cycles
        1362000920 :    4540000 cycles
        1365000920 :    4550000 cycles
        1368000920 :    4560000 cycles
        1371000920 :    4570000 cycles
        1374000920 :    4580000 cycles
        1377000920 :    4590000 cycles
        1380000920 :    4600000 cycles
        1383000920 :    4610000 cycles
        1386000920 :    4620000 cycles
        1389000920 :    4630000 cycles
        1392000920 :    4640000 cycles
        1395000920 :    4650000 cycles
        1398000920 :    4660000 cycles
        1401000920 :    4670000 cycles
        1404000920 :    4680000 cycles
        1407000920 :    4690000 cycles
        1410000920 :    4700000 cycles
        1413000920 :    4710000 cycles
        1416000920 :    4720000 cycles
        1419000920 :    4730000 cycles
        1422000920 :    4740000 cycles
        1425000920 :    4750000 cycles
        1428000920 :    4760000 cycles
        1431000920 :    4770000 cycles
        1434000920 :    4780000 cycles
        1437000920 :    4790000 cycles
        1440000920 :    4800000 cycles
        1443000920 :    4810000 cycles
        1446000920 :    4820000 cycles
        1449000920 :    4830000 cycles
        1452000920 :    4840000 cycles
        1455000920 :    4850000 cycles
        1458000920 :    4860000 cycles
        1461000920 :    4870000 cycles
        1464000920 :    4880000 cycles
        1467000920 :    4890000 cycles
        1470000920 :    4900000 cycles
        1473000920 :    4910000 cycles
        1476000920 :    4920000 cycles
        1479000920 :    4930000 cycles
        1482000920 :    4940000 cycles
        1485000920 :    4950000 cycles
        1488000920 :    4960000 cycles
        1491000920 :    4970000 cycles
        1494000920 :    4980000 cycles
        1497000920 :    4990000 cycles
        1500000920 :    5000000 cycles
        1503000920 :    5010000 cycles
        1506000920 :    5020000 cycles
        1509000920 :    5030000 cycles
        1512000920 :    5040000 cycles
        1515000920 :    5050000 cycles
        1518000920 :    5060000 cycles
        1521000920 :    5070000 cycles
        1524000920 :    5080000 cycles
        1527000920 :    5090000 cycles
        1530000920 :    5100000 cycles
        1533000920 :    5110000 cycles
        1536000920 :    5120000 cycles
        1539000920 :    5130000 cycles
        1542000920 :    5140000 cycles
        1545000920 :    5150000 cycles
        1548000920 :    5160000 cycles
        1551000920 :    5170000 cycles
        1554000920 :    5180000 cycles
        1557000920 :    5190000 cycles
        1560000920 :    5200000 cycles
        1563000920 :    5210000 cycles
        1566000920 :    5220000 cycles
        1569000920 :    5230000 cycles
        1572000920 :    5240000 cycles
        1575000920 :    5250000 cycles
        1578000920 :    5260000 cycles
        1581000920 :    5270000 cycles
        1584000920 :    5280000 cycles
