#######################################################################################
# fsdb.xxxxx.log : log primitive debug message of FSDB Reader
# This is for R&D to analyze when there are issues happening when FSDB reading
# The corresponding FSDB file is /tmp/cargarci470/inter_1.fsdb
#######################################################################################
[BASIC]Reader version : Chronologic Simulation VCS Release V-2023.12-SP2-1_Full64
[BASIC]simulator version : Chronologic Simulation VCS Release V-2023.12-SP2-1_Full64
[BASIC]dumper version : FSDB Dumper for VCS, Release Verdi_V-2023.12-SP2-1, Linux x86_64/64bit, 07/15/2024
Async open disabled.
[READSCOPE]ReadScopeTree calling time is 3
[READSCOPE]ReadScope_PartialLoad calling time is 0
[READSCOPE]Scope read by partial load count is 0
[READSCOPE]Scope read count is 813
[READSCOPE]Decompressed blk is 51
[MAXCHAIN]Decompressed cnt 0
[PERF]VC decompress count : 5
[PERF]VCChain decompress count : 188
[FSDBGate Info] start
[FSDBGate Info] Total fhdb_compute_count = 120
[FSDBGate Info] end
