Command: /home/cargarci/eecs472/final_proj/pfinal_472-w26.group8/build/cpu.simv +MEMORY=programs/mem/simple.mem +OUTPUT=output/verdi_output +UVM_VERDI_TRACE=UVM_AWARE +fsdb+gate=off -ucli2Proc -ucli -l /home/cargarci/eecs472/final_proj/pfinal_472-w26.group8/verdiLog/sim.log
Chronologic VCS simulator copyright 1991-2023
Contains Synopsys proprietary information.
Compiler version V-2023.12-SP2-1_Full64; Runtime version V-2023.12-SP2-1_Full64;  Mar 12 18:18 2026

ucli% synUtils::getArch
linux64
ucli% loaddl -simv /usr/caen/verdi-2023.12-SP2-1/share/PLI/VCS/LINUXAMD64/libnovas.so LoadFSDBDumpCmd;LoadFSDBDumpCmd
LoadFSDBDumpCmd success
ucli% config ckptfsdbcheck off;config endofsim noexit;config onfail {enable all};config followactivescope on;catch {setUcliVerdiConnected};set watch::resultTagsForVerdiBP {<ucli_break_bp_status_begin> <ucli_break_bp_status_end>};set ucliCore::support_restore_through_stask_in_verdi 1;cbug::config pretty_print auto;fsdbDumpfile {/tmp/cargarci470/inter.fsdb} ;fsdbDumpflush ; 
*Verdi* Loading libsscore_vcs202312.so
FSDB Dumper for VCS, Release Verdi_V-2023.12-SP2-1, Linux x86_64/64bit, 07/15/2024
(C) 1996 - 2024 by Synopsys, Inc.
*Verdi* : Create FSDB file '/tmp/cargarci470/inter.fsdb'
*Verdi* : Flush all FSDB Files at 000 ps.

ucli% synEnv::hasFataled
0
ucli% ucliCore::getToolPID
2542606
ucli% sps_interactive
*Verdi* : Enable RPC Server(2542606)

ucli% ucliCore::getToolPID
2542606
ucli% ucliCore::getToolPID
2542606
ucli% if {[catch {ucliCore::setFocus tool}]} {}

ucli% puts $ucliCore::nativeUcliMode
0

ucli% ucliCore::getToolTopPID
2542606
ucli% pid
2542624
ucli% synUtils::sendTool -active {_icl_createSharedMemory /tmp/vcs_dve_general.cargarci.2542606 }

ucli% if { [info vars watch::vcbp_str_len_limit_of_get_value] != ""} {set watch::vcbp_str_len_limit_of_get_value 1024}
1024
ucli% info command stateVerdiChangeCB

ucli% proc stateVerdiChangeCB args { if {$ucliGUI::state eq "terminated"} {puts "\n<VERDI_Terminated>\n";catch {setVerdiSimTerminated}}}

ucli% trace variable ucliGUI::state wu stateVerdiChangeCB

ucli% if {[catch {rename synopsys::restore verdiHack::restore} ]} {puts "0"}

ucli% proc synopsys::restore {args} { verdiHack::restore $args; puts "\n<VERDI_RESTORE>\n"}

ucli% if {[catch {rename quit verdiHack::quit} ]} {puts "0"}

ucli% proc quit {args} { if {[string length $args] == 0} { verdiHack::quit; } elseif {([string equal "-h" $args] == 1)||([string equal "-he" $args] == 1)||([string equal "-hel" $args] == 1)||([string equal "-help" $args] == 1)} { puts "\n quit           # Exit the simulation.\n \[-noprompt\]        (Exit the simulation and Verdi.)\n"} elseif {([string equal "-n" $args] == 1)||([string equal "-no" $args] == 1)||([string equal "-nop" $args] == 1)||([string equal "-nopr" $args] == 1)||([string equal "-nopro" $args] == 1)||([string equal "-noprom" $args] == 1)||([string equal "-nopromp" $args] == 1)||([string equal "-noprompt" $args] == 1)} { puts "\nVERDI_EXIT_N\n" } else { verdiHack::quit $args; } }

ucli% if {[catch {rename exit verdiHack::exit} ]} {puts "0"}

ucli% proc exit {args} { if {[string length $args] == 0} { verdiHack::exit; } elseif {([string equal "-h" $args] == 1)||([string equal "-he" $args] == 1)||([string equal "-hel" $args] == 1)||([string equal "-help" $args] == 1)} { puts "\n exit           # Exit the simulation.\n \[-noprompt\]        (Exit the simulation and Verdi.)\n"} elseif {([string equal "-n" $args] == 1)||([string equal "-no" $args] == 1)||([string equal "-nop" $args] == 1)||([string equal "-nopr" $args] == 1)||([string equal "-nopro" $args] == 1)||([string equal "-noprom" $args] == 1)||([string equal "-nopromp" $args] == 1)||([string equal "-noprompt" $args] == 1)} { puts "\nVERDI_EXIT_N\n" } else { verdiHack::exit $args; } }

ucli% proc checkpoint::beforeRecreate {} { sps_interactive }

ucli% if {[catch {ucliCore::setFocus tool}]} {}

ucli% save::getUserdefinedProcs
::stateVerdiChangeCB ::LoadFSDBDumpCmd
ucli% info procs
ipi_get_str fsdbDumpMDAByFile fsdbDumpMDA echo fsdbDumpMemNow fsdbAutoSwitchDumpfile unknown sps_interactive auto_import stat fsdbDumpfile setenv auto_execok pkg_mkIndex stateVerdiChangeCB fsdbDumpSingle proc_body ipi_begin fsdbDumpoff getenv fsdbDumplimit fsdbDumpPattern ipi_handle ipi_get_prop fsdbDumpvarsByFile fsdbDumpMDAInScope lminus ipi_sim_get ls auto_load_index proc_args fsdbAddRuntimeSignal fsdbDumpSC print_message_info ridbDump fsdbDumpSVAoff fsdbSuppress fsdbDumpvars help fsdbDumpMDAOnChange ipi_control auto_qualify fsdbDumpMem sourceSavedOnbreakHandler tclPkgUnknown printenv ipi_handle_by_name helpdoc fsdbDumpMemInScope fsdbDumpFinish is_true fsdbDumpon sh fsdbQueryInfo LoadFSDBDumpCmd fsdbDumpPSL fsdbDumpSVA ipi_end wrapperSpecmanSn fsdbDumpSVAon fsdbDumpClassObjectByFile is_false auto_load fsdbDumpPSLon ipi_get_int64 fsdbSubstituteHier ipi_get_value ipi_iterate exit fsdbDumpMemInFile tclLog fsdbDumpflush get_unix_variable mem_debug ipi_scan fsdbDumpPSLoff fsdbDumpClassObject fsdbDumpvarsToFile set_unix_variable bgerror fsdbDumpStrength add_group fsdbSwitchDumpfile source add_wave sos_fsdbDumpvars ipi_set_prop unsetenv fsdbDumpvarsES readline fsdbDisplay ipi_handle_free set_group ipi_get quit define_proc_attributes tclPkgSetup fsdbDumpMDANow ipi_init_play_tcl fsdbDumpIO
ucli% info commands
ipi_get_str cchange subst fsdbDumpMDAByFile pwd cshow guiSource fsdbDumpMDA echo fsdbDumpMemNow fsdbAutoSwitchDumpfile ucliConnectToSharedMem unknown ucliIsScriptPauseByVerdi lrange sps_interactive auto_import setVerdiSimTerminated coverage case stat fsdbDumpfile break setenv dump auto_execok msglog linsert pkg_mkIndex dumplist catch stateVerdiChangeCB mpformat fsdbDumpSingle if join detach_sim halt proc_body abortScriptAfterDetachVerdi report_violations which lp_show ipi_begin pause dve_help fsdbDumpoff format getenv listing fsdbDumplimit package binary trace ctimeout onbreak after flush fsdbDumpPattern step restore ipi_handle power continue get_command_option_values force try foreach ipi_get_prop fsdbDumpvarsByFile lrepeat tailcall unset fsdbDumpMDAInScope lminus ipi_sim_get interp write_app_var lindex stack yield ls resetInterruptCount runAfterDetachVerdi eof saif list printvar create_command_group keysFileChangeCB virtual auto_load_index checkpoint proc_args finish fsdbAddRuntimeSignal cgettimeout sexpr lsearch fblocked fsdbDumpSC fanin lappend print_message_info proc cextract ridbDump writelist get_defined_commands cdump fsdbDumpSVAoff fsdbSuppress man set_sig_vas_in_waiting_input fconfigure fsdbDumpvars help fsdbDumpMDAOnChange ipi_control switch auto_qualify fsdbDumpMem mpexpr status sourceSavedOnbreakHandler tclPkgUnknown close printenv ipi_handle_by_name helpdoc thread lreverse set read fsdbDumpMemInScope initAttachableFile unalias fsdbDumpFinish setVerdiAttachable seek while set_cle_options is_true set_message_info writeKeyLog cbug fsdbDumpon find_forces yieldto sh start_verdi load fsdbQueryInfo memory sn vcsExecFuncInSharedObject cenable history puts gdb loadSharedObject tblog assertion resume _synopsys_cci_unalias socket tell open get_message_ids cadd exec pid stop LoadFSDBDumpCmd unloadSharedObject redirect fsdbDumpPSL throw fsdbDumpSVA ipi_end return ace wrapperSpecmanSn error fsdbDumpSVAon split fsdbDumpClassObjectByFile is_false array ucliAttachedByVerdi vbus get lreplace concat coroutine fcopy update parse_proc_arguments report_app_var run search setUcliVerdiStatus for append auto_load fsdbDumpPSLon ucliLaunchVerdi alias logFileChangeCB scan setUcliVerdiConnected apply abort set_current_command_mode release zlib chan loads _spw_define_proc_attributes ipi_get_int64 onerror print_suppressed_messages scope fileevent fsdbSubstituteHier inputFileChangeCB regexp resultTagsForVerdiCB set_app_var ipi_get_value cdelete upvar ipi_iterate save encoding onfail exit fsdbDumpMemInFile incr tclLog fsdbDumpflush get_message_info get_unix_variable show senv glob mem_debug ipi_scan GUIsource config fsdbDumpPSLoff time eval lassign fsdbDumpClassObject gets fsdbDumpvarsToFile tcl_exit set_unix_variable restart start change llength variable constraints xprop bgerror fsdbDumpStrength call clock info apropos add_group fsdbSwitchDumpfile ucliDetachVerdi source GUI_tcl_shell_puts global tcheck initreg add_wave report_timing sos_fsdbDumpvars ipi_set_prop next drivers cd file lmap unload namespace loaddl unsetenv get_app_var fsdbDumpvarsES suppress_message vwait dict readline fsdbDisplay uplevel ipi_handle_free date set_group lset rename ipi_get quit sh_list_key_bindings do unsuppress_message define_proc_attributes error_info tclPkgSetup expr printPromptStr regsub onCheckpointCB csave fsdbDumpMDANow dtl_load ipi_init_play_tcl lsort fsdbDumpIO doFileChangeCB _synopsys_cci_alias writeHistoryLog cdisable string
ucli% set ucliCore::resultTagsForVerdi [list <?special_verdi_begin?> <?special_verdi_end?>]
<?special_verdi_begin?> <?special_verdi_end?>
ucli% if {[catch {ucliCore::setFocus tool}]} {}

ucli% if {[catch {get uvm_pkg.UVM_VERSION_STRING} result] == 0} {puts $result}

ucli% senv hasTB
0
ucli% if {[catch {ucliCore::setFocus tool}]} {}

ucli% config reversedebug
off
ucli% if {[catch {ucliCore::setFocus tool}]} {}

ucli% fsdbDumpflush 
*Verdi* : Flush all FSDB Files at 000 ps.

ucli% checkpoint::executionInPast 
0
ucli% if {[catch {ucliCore::setFocus tool}]} {}

ucli% senv
activeDomain: Verilog
activeFile: test/testbenches/given/cpu_test.sv
activeFrame: 
activeLine: 17
activeScope: testbench
activeThread: 
endCol: 0
file: test/testbenches/given/cpu_test.sv
frame: 
fsdbFilename: 
hasTB: 0
inputFilename: 
keyFilename: ucli.key
line: 17
logFilename: /home/cargarci/eecs472/final_proj/pfinal_472-w26.group8/verdiLog/sim.log
macroIndex: -1
macroOffset: -1
pid: 2542606
scope: testbench
startCol: 0
state: stopped
thread: 
time: 0
timePrecision: 100 ps
vcdFilename: 
vpdFilename:
ucli% synUtils::resolveSourceFilename test/testbenches/given/cpu_test.sv
test/testbenches/given/cpu_test.sv
ucli% puts $::ucliCore::cbug_active
0

ucli% if {[catch {ucliCore::setFocus tool}]} {}

ucli% checkpoint -list -all
There are no checkpoints present.
ucli% if {[catch {ucliCore::setFocus tool}]} {}

ucli% stop
No stop points are set
ucli% if {[catch {ucliCore::setFocus tool}]} {}

ucli% config keepfuture on
on
ucli% synEnv::hasFataled
0
ucli% ucliCore::getToolPID
2542606
ucli% synEnv::isFinished
0
ucli% config reversedebug
off
ucli% config keepfuture
on
ucli% config checkpointgenerate
0
ucli% if {[catch {ucliCore::setFocus tool}]} {}

ucli% fsdbDumpflush 
*Verdi* : Flush all FSDB Files at 000 ps.

ucli% checkpoint::executionInPast 
0
ucli% if {[catch {ucliCore::setFocus tool}]} {}

ucli% senv
activeDomain: Verilog
activeFile: test/testbenches/given/cpu_test.sv
activeFrame: 
activeLine: 17
activeScope: testbench
activeThread: 
endCol: 0
file: test/testbenches/given/cpu_test.sv
frame: 
fsdbFilename: 
hasTB: 0
inputFilename: 
keyFilename: ucli.key
line: 17
logFilename: /home/cargarci/eecs472/final_proj/pfinal_472-w26.group8/verdiLog/sim.log
macroIndex: -1
macroOffset: -1
pid: 2542606
scope: testbench
startCol: 0
state: stopped
thread: 
time: 0
timePrecision: 100 ps
vcdFilename: 
vpdFilename:
ucli% synUtils::resolveSourceFilename test/testbenches/given/cpu_test.sv
test/testbenches/given/cpu_test.sv
ucli% puts $::ucliCore::cbug_active
0

ucli% if {[catch {ucliCore::setFocus tool}]} {}

ucli% checkpoint -list -all
There are no checkpoints present.
ucli% if {[catch {ucliCore::setFocus tool}]} {}

ucli% stop
No stop points are set
ucli% if {[catch {ucliCore::setFocus tool}]} {}

ucli% fsdbDumpvars 1 "testbench.verisimpleV.fetch_buffer_0.clock"  +all +trace_process;fsdbDumpvars 1 "testbench.verisimpleV.fetch_buffer_0.reset"  +all +trace_process;fsdbDumpvars 1 "testbench.verisimpleV.fetch_buffer_0.mispredicted"  +all +trace_process;fsdbDumpvars 1 "testbench.verisimpleV.fetch_buffer_0.dispatch_num_req"  +all +trace_process;fsdbDumpvars 1 "testbench.verisimpleV.fetch_buffer_0.fetch_pack"  +all +trace_process;fsdbDumpvars 1 "testbench.verisimpleV.fetch_buffer_0.can_fetch_num"  +all +trace_process;fsdbDumpvars 1 "testbench.verisimpleV.fetch_buffer_0.dispatch_pack"  +all +trace_process;fsdbDumpvars 1 "\$unit"  +all +trace_process;fsdbDumpvars 1 "testbench.verisimpleV.fetch_buffer_0.DEPTH"  +all +trace_process;fsdbDumpvars 1 "testbench.verisimpleV.fetch_buffer_0.buffer"  +all +trace_process;fsdbDumpvars 1 "testbench.verisimpleV.fetch_buffer_0.buffer_n"  +all +trace_process;fsdbDumpvars 1 "testbench.verisimpleV.fetch_buffer_0.BUFFER_CNT"  +all +trace_process;fsdbDumpvars 1 "testbench.verisimpleV.fetch_buffer_0.head"  +all +trace_process;fsdbDumpvars 1 "testbench.verisimpleV.fetch_buffer_0.head_n"  +all +trace_process;fsdbDumpvars 1 "testbench.verisimpleV.fetch_buffer_0.tail"  +all +trace_process;fsdbDumpvars 1 "testbench.verisimpleV.fetch_buffer_0.tail_n"  +all +trace_process;fsdbDumpvars 1 "testbench.verisimpleV.fetch_buffer_0.count"  +all +trace_process;fsdbDumpvars 1 "testbench.verisimpleV.fetch_buffer_0.count_n"  +all +trace_process;fsdbDumpflush 
*Verdi* : Dumping the signal (testbench.verisimpleV.fetch_buffer_0.clock).
*Verdi* : Dumping the signal (testbench.verisimpleV.fetch_buffer_0.reset).
*Verdi* : Dumping the signal (testbench.verisimpleV.fetch_buffer_0.mispredicted).
*Verdi* : Dumping the signal (testbench.verisimpleV.fetch_buffer_0.dispatch_num_req).
*Verdi* : Dumping the signal (testbench.verisimpleV.fetch_buffer_0.fetch_pack).
*Verdi* : Dumping the signal (testbench.verisimpleV.fetch_buffer_0.can_fetch_num).
*Verdi* : Dumping the signal (testbench.verisimpleV.fetch_buffer_0.dispatch_pack).
*Verdi* : Begin traversing the scope ($unit), layer (1).
*Verdi* : Enable +trace_process and +all dumping.
*Verdi* : End of traversing.
*Verdi* : Dumping the signal (testbench.verisimpleV.fetch_buffer_0.DEPTH).
*Verdi* : Dumping the signal (testbench.verisimpleV.fetch_buffer_0.buffer).
*Verdi* : Dumping the signal (testbench.verisimpleV.fetch_buffer_0.buffer_n).
*Verdi* : Dumping the signal (testbench.verisimpleV.fetch_buffer_0.BUFFER_CNT).
*Verdi* : Dumping the signal (testbench.verisimpleV.fetch_buffer_0.head).
*Verdi* : Dumping the signal (testbench.verisimpleV.fetch_buffer_0.head_n).
*Verdi* : Dumping the signal (testbench.verisimpleV.fetch_buffer_0.tail).
*Verdi* : Dumping the signal (testbench.verisimpleV.fetch_buffer_0.tail_n).
*Verdi* : Dumping the signal (testbench.verisimpleV.fetch_buffer_0.count).
*Verdi* : Dumping the signal (testbench.verisimpleV.fetch_buffer_0.count_n).
*Verdi* : Flush all FSDB Files at 000 ps.

ucli% if {[catch {ucliCore::setFocus tool}]} {}

ucli% run

---- Starting CPU Testbench (direct-fetch mode) ----

Using memory file  : programs/mem/simple.mem
Using output files : output/verdi_output.{out, cpi, wb}

                 0 : Asserting Reset
               450 : Loading Unified Memory
              1060 : Deasserting Reset
              1060 : Running Processor
           3000920 :      10000 cycles
           6000920 :      20000 cycles
           9000920 :      30000 cycles
          12000920 :      40000 cycles
          15000920 :      50000 cycles
          18000920 :      60000 cycles
          21000920 :      70000 cycles
          24000920 :      80000 cycles
          27000920 :      90000 cycles
          30000920 :     100000 cycles
          33000920 :     110000 cycles
          36000920 :     120000 cycles
          39000920 :     130000 cycles
          42000920 :     140000 cycles
          45000920 :     150000 cycles
          48000920 :     160000 cycles
          51000920 :     170000 cycles
          54000920 :     180000 cycles
          57000920 :     190000 cycles
          60000920 :     200000 cycles
          63000920 :     210000 cycles
          66000920 :     220000 cycles
          69000920 :     230000 cycles
          72000920 :     240000 cycles
          75000920 :     250000 cycles
          78000920 :     260000 cycles
          81000920 :     270000 cycles
          84000920 :     280000 cycles
          87000920 :     290000 cycles
          90000920 :     300000 cycles
          93000920 :     310000 cycles
          96000920 :     320000 cycles
          99000920 :     330000 cycles
         102000920 :     340000 cycles
         105000920 :     350000 cycles
         108000920 :     360000 cycles
         111000920 :     370000 cycles
         114000920 :     380000 cycles
         117000920 :     390000 cycles
         120000920 :     400000 cycles
         123000920 :     410000 cycles
         126000920 :     420000 cycles
         129000920 :     430000 cycles
         132000920 :     440000 cycles
         135000920 :     450000 cycles
         138000920 :     460000 cycles
         141000920 :     470000 cycles
         144000920 :     480000 cycles
         147000920 :     490000 cycles
         150000920 :     500000 cycles
         153000920 :     510000 cycles
         156000920 :     520000 cycles
         159000920 :     530000 cycles
         162000920 :     540000 cycles
         165000920 :     550000 cycles
         168000920 :     560000 cycles
         171000920 :     570000 cycles
         174000920 :     580000 cycles
         177000920 :     590000 cycles
         180000920 :     600000 cycles
         183000920 :     610000 cycles
         186000920 :     620000 cycles
         189000920 :     630000 cycles
         192000920 :     640000 cycles
         195000920 :     650000 cycles
         198000920 :     660000 cycles
cpu_test.sv, 240 :             output_reg_writeback_and_maybe_halt();

ucli% synEnv::hasFataled
0
ucli% ucliCore::getToolPID
2542606
ucli% synEnv::isFinished
0
ucli% save::getUserdefinedProcs
::stateVerdiChangeCB ::LoadFSDBDumpCmd
ucli% if {[catch {ucliCore::setFocus tool}]} {}

ucli% fsdbDumpflush 
*Verdi* : Flush all FSDB Files at 19,914,015,000 ps.

ucli% checkpoint::executionInPast 
0
ucli% if {[catch {ucliCore::setFocus tool}]} {}

ucli% senv
activeDomain: Verilog
activeFile: test/testbenches/given/cpu_test.sv
activeFrame: 
activeLine: 240
activeScope: testbench
activeThread: 
endCol: 0
file: test/testbenches/given/cpu_test.sv
frame: 
fsdbFilename: 
hasTB: 0
inputFilename: 
keyFilename: ucli.key
line: 240
logFilename: /home/cargarci/eecs472/final_proj/pfinal_472-w26.group8/verdiLog/sim.log
macroIndex: -1
macroOffset: -1
pid: 2542606
scope: testbench
startCol: 0
state: stopped
thread: 
time: 199140150
timePrecision: 100 ps
vcdFilename: 
vpdFilename:
ucli% synUtils::resolveSourceFilename test/testbenches/given/cpu_test.sv
test/testbenches/given/cpu_test.sv
ucli% puts $::ucliCore::cbug_active
0

ucli% if {[catch {ucliCore::setFocus tool}]} {}

ucli% checkpoint -list -all
There are no checkpoints present.
ucli% if {[catch {ucliCore::setFocus tool}]} {}

ucli% stop
No stop points are set
ucli% if {[catch {ucliCore::setFocus tool}]} {}

ucli% 