Info: [VCS_SAVE_RESTORE_INFO] ASLR (Address Space Layout Randomization) is detected on the machine. To enable $save functionality, ASLR will be switched off and simv re-executed.
Please use '-no_save' simv switch to avoid re-execution or '-suppress=ASLR_DETECTED_INFO' to suppress this message.
Chronologic VCS simulator copyright 1991-2023
Contains Synopsys proprietary information.
Compiler version V-2023.12-SP2-1_Full64; Runtime version V-2023.12-SP2-1_Full64;  Mar 30 15:15 2026
>>> System Reset Done.

Case 1: Return one load miss into empty cache
---- CACHE TAG DUMP SET 0 @ 1200 ----
way=0 valid=1 dirty=0 tag=0x1 lru=3
way=1 valid=0 dirty=0 tag=0x0 lru=0
way=2 valid=0 dirty=0 tag=0x0 lru=0
way=3 valid=0 dirty=0 tag=0x0 lru=0
--------------------------------------

Case 2: Load hit on resident line
DEBUG Case2 @ 1210:
  load_valid        = 1
  load_addr         = 0x00000040
  curr_req_addr     = 0x00000040
  req_valid         = 1
  cache_ready       = 1
  d_request_set     = 0
  d_request_tag     = 0x1
  d_request_offset  = 0
  WAY 0: valid=1 tag=0x1 lru=3
  WAY 1: valid=0 tag=0x0 lru=0
  WAY 2: valid=0 tag=0x0 lru=0
  WAY 3: valid=0 tag=0x0 lru=0
  hit               = 1
  hit_way           = 0
  data_re           = 1
  data_raddr        = 0
  data_rdata        = 0x11223344aabbccdd
  selected_read     = 0x11223344aabbccdd
  resp_valid        = 1
  resp_data         = 0xaabbccdd
  resp_lq_index     = 3
  load_lq_index     = 3

Case 3: Load miss generates miss_request

Case 4: Hit-under-miss should still succeed

Case 5: Store hit merges data into cache line

Case 6: Store miss merges store data into refill block

Case 7: miss_queue_full blocks acceptance

Case 8: One miss, two hits, then miss fills later
>>> System Reset Done.

############################################
##           ALL TESTS PASSED!            ##
############################################
$finish called from file "test/testbenches/dcache_test.sv", line 564.
$finish at simulation time                10600
           V C S   S i m u l a t i o n   R e p o r t 
Time: 1060000 ps
CPU Time:      0.300 seconds;       Data structure size:   0.0Mb
Mon Mar 30 15:15:02 2026
