test/testbenches/given/cpu_test.sv:71 YES:SyncFF
test/testbenches/given/cpu_test.sv:225 YES:SyncFF
verilog/src/branch_stack.sv:123 YES:SyncFF
verilog/src/cpu.sv:240 YES:SyncFF
verilog/src/cpu.sv:309 YES:SyncFF
verilog/src/cpu.sv:379 YES:SyncFF
verilog/src/cpu.sv:415 YES:SyncFF
verilog/src/cpu.sv:457 YES:SyncFF
verilog/src/cpu.sv:513 YES:SyncFF
verilog/src/fetch_buffer.sv:65 YES:SyncFF
verilog/src/freelist.sv:79 YES:SyncFF
verilog/src/icache.sv:123 YES:SyncFF
verilog/src/maptable.sv:146 YES:SyncFF
verilog/src/maptable.sv:158 YES:SyncFF
verilog/src/mult.sv:123 YES:SyncFF
verilog/src/mult.sv:145 YES:SyncFF
verilog/src/regfile.sv:112 YES:SyncFF
verilog/src/rob.sv:190 YES:SyncFF
verilog/src/rs.sv:580 YES:SyncFF
verilog/src/stage_retire.sv:49 YES:SyncFF
test/mem.sv:50 YES:SyncFF
verilog/src/stage_dispatch.sv:546 YES:SyncFF
verilog/src/memDP.sv:68 YES:SyncFF
==================================================
Unified Inference Statistics
Number of always_ff:                   21
Number of always_latch:                0
Number of always @*:                   0
Number of always_comb :                26
Number of always :                     3
Number of flip-flop candidates:        23
Number of synchronous flops inferred:  23
Number of Asynchronous flops inferred: 0
