test/testbenches/given/cpu_test.sv:71 YES
test/testbenches/given/cpu_test.sv:225 NO "a non-instrumentable statement" (230)
test/testbenches/given/cpu_test.sv:266 NO "a non-pure function call: decode_inst__IMP_DPI_WR_" (274)
test/testbenches/given/cpu_test.sv:285 NO "a non-pure function call: decode_inst__IMP_DPI_WR_" (274)
test/testbenches/given/cpu_test.sv:288 NO "a non-pure function call: decode_inst__IMP_DPI_WR_" (274)
test/testbenches/given/cpu_test.sv:330 YES
test/testbenches/given/cpu_test.sv:341 YES
verilog/src/branch_stack.sv:55 NO "a loop with potential non-deterministic exit" (56)
verilog/src/branch_stack.sv:57 YES
verilog/src/branch_stack.sv:65 NO "a loop with potential non-deterministic exit" (66)
verilog/src/branch_stack.sv:67 YES
verilog/src/branch_stack.sv:86 NO "a disabled 'break', 'continue', or 'return' statement" (88)
verilog/src/branch_stack.sv:92 YES
verilog/src/branch_stack.sv:103 YES
verilog/src/branch_stack.sv:123 YES
verilog/src/cpu.sv:240 YES
verilog/src/cpu.sv:309 YES
verilog/src/cpu.sv:379 YES
verilog/src/cpu.sv:415 YES
verilog/src/cpu.sv:457 YES
verilog/src/cpu.sv:478 YES
verilog/src/cpu.sv:488 YES
verilog/src/cpu.sv:513 YES
verilog/src/fetch_buffer.sv:35 YES
verilog/src/fetch_buffer.sv:53 YES
verilog/src/fetch_buffer.sv:65 YES
verilog/src/freelist.sv:35 YES
verilog/src/freelist.sv:42 YES
verilog/src/freelist.sv:79 YES
verilog/src/icache.sv:123 YES
verilog/src/maptable.sv:69 YES
verilog/src/maptable.sv:75 YES
verilog/src/maptable.sv:146 YES
verilog/src/maptable.sv:158 YES
verilog/src/mult.sv:76 YES
verilog/src/mult.sv:80 YES
verilog/src/mult.sv:123 YES
verilog/src/mult.sv:137 YES
verilog/src/mult.sv:145 YES
verilog/src/regfile.sv:112 YES
verilog/src/rob.sv:80 YES
verilog/src/rob.sv:118 YES
verilog/src/rob.sv:123 YES
verilog/src/rob.sv:132 YES
verilog/src/rob.sv:142 YES
verilog/src/rob.sv:190 YES
verilog/src/rs.sv:138 YES
verilog/src/rs.sv:173 YES
verilog/src/rs.sv:239 YES
verilog/src/rs.sv:248 YES
verilog/src/rs.sv:272 YES
verilog/src/rs.sv:306 YES
verilog/src/rs.sv:307 YES
verilog/src/rs.sv:322 YES
verilog/src/rs.sv:537 YES
verilog/src/rs.sv:580 YES
verilog/src/stage_complete.sv:22 YES
verilog/src/stage_complete.sv:38 YES
verilog/src/stage_execute.sv:83 YES
verilog/src/stage_execute.sv:90 YES
verilog/src/stage_execute.sv:97 YES
verilog/src/stage_execute.sv:154 YES
verilog/src/stage_execute.sv:161 YES
verilog/src/stage_execute.sv:188 YES
verilog/src/stage_execute.sv:259 YES
verilog/src/stage_execute.sv:267 YES
verilog/src/stage_execute.sv:276 YES
verilog/src/stage_execute.sv:370 YES
verilog/src/stage_execute.sv:441 YES
verilog/src/stage_execute.sv:469 YES
verilog/src/stage_issue.sv:50 YES
verilog/src/stage_retire.sv:21 YES
verilog/src/stage_retire.sv:49 YES
verilog/src/combinational/decoder.sv:43 YES
test/mem.sv:50 YES
verilog/src/stage_dispatch.sv:153 NO "a disabled 'break', 'continue', or 'return' statement" (195)
verilog/src/stage_dispatch.sv:162 YES
verilog/src/stage_dispatch.sv:172 YES
verilog/src/stage_dispatch.sv:268 NO "a disabled 'break', 'continue', or 'return' statement" (195)
verilog/src/stage_dispatch.sv:307 NO "a disabled 'break', 'continue', or 'return' statement" (195)
verilog/src/stage_dispatch.sv:413 NO "a disabled 'break', 'continue', or 'return' statement" (195)
verilog/src/stage_dispatch.sv:457 NO "a disabled 'break', 'continue', or 'return' statement" (195)
verilog/src/stage_dispatch.sv:546 YES
verilog/src/memDP.sv:48 YES
verilog/src/memDP.sv:68 YES
==================================================
X P R O P   S T A T I S T I C S
instrumentable assignments:    1163
instrumented assignments:      855
instrumentation success rate:  73%
